This is pdfTeX, Version 3.141592653-2.6-1.40.25 (MiKTeX 23.10.12) (preloaded format=pdflatex 2024.1.2)  7 MAR 2025 15:34
entering extended mode
 restricted \write18 enabled.
 %&-line parsing enabled.
**./main.tex
(main.tex
LaTeX2e <2023-11-01>
L3 programming layer <2023-12-08>

(C:\Users\diogo\AppData\Local\Programs\MiKTeX\tex/latex/koma-script\scrartcl.cl
s
Document Class: scrartcl 2024/10/24 v3.43 KOMA-Script document class (article)

(C:\Users\diogo\AppData\Local\Programs\MiKTeX\tex/latex/koma-script\scrkbase.st
y
Package: scrkbase 2024/10/24 v3.43 KOMA-Script package (KOMA-Script-dependent b
asics and keyval usage)

(C:\Users\diogo\AppData\Local\Programs\MiKTeX\tex/latex/koma-script\scrbase.sty
Package: scrbase 2024/10/24 v3.43 KOMA-Script package (KOMA-Script-independent 
basics and keyval usage)

(C:\Users\diogo\AppData\Local\Programs\MiKTeX\tex/latex/koma-script\scrlfile.st
y
Package: scrlfile 2024/10/24 v3.43 KOMA-Script package (file load hooks)

(C:\Users\diogo\AppData\Local\Programs\MiKTeX\tex/latex/koma-script\scrlfile-ho
ok.sty
Package: scrlfile-hook 2024/10/24 v3.43 KOMA-Script package (using LaTeX hooks)


(C:\Users\diogo\AppData\Local\Programs\MiKTeX\tex/latex/koma-script\scrlogo.sty
Package: scrlogo 2024/10/24 v3.43 KOMA-Script package (logo)
))) (C:\Users\diogo\AppData\Local\Programs\MiKTeX\tex/latex/graphics\keyval.sty
Package: keyval 2022/05/29 v1.15 key=value parser (DPC)
\KV@toks@=\toks17
)
Applying: [2021/05/01] Usage of raw or classic option list on input line 254.
Already applied: [0000/00/00] Usage of raw or classic option list on input line
 370.
))
(C:\Users\diogo\AppData\Local\Programs\MiKTeX\tex/latex/koma-script\tocbasic.st
y
Package: tocbasic 2024/10/24 v3.43 KOMA-Script package (handling toc-files)
\scr@dte@tocline@numberwidth=\skip48
\scr@dte@tocline@numbox=\box51
)
Package tocbasic Info: omitting babel extension for `toc'
(tocbasic)             because of feature `nobabel' available
(tocbasic)             for `toc' on input line 135.
Package scrartcl Info: You've used standard option `11pt'.
(scrartcl)             This is correct!
(scrartcl)             Internally I'm using `fontsize=11pt'.
(scrartcl)             If you'd like to set the option with \KOMAoptions,
(scrartcl)             you'd have to use `fontsize=11pt' there
(scrartcl)             instead of `11pt', too.
Class scrartcl Info: File `scrsize11pt.clo' used to setup font sizes on input l
ine 2466.

(C:\Users\diogo\AppData\Local\Programs\MiKTeX\tex/latex/koma-script\scrsize11pt
.clo
File: scrsize11pt.clo 2024/10/24 v3.43 KOMA-Script font size class option (11pt
)
)
(C:\Users\diogo\AppData\Local\Programs\MiKTeX\tex/latex/koma-script\typearea.st
y
Package: typearea 2024/10/24 v3.43 KOMA-Script package (type area)
\ta@bcor=\skip49
\ta@div=\count187
\ta@hblk=\skip50
\ta@vblk=\skip51
\ta@temp=\skip52
\footheight=\skip53
Package typearea Info: These are the values describing the layout:
(typearea)             DIV  = 10
(typearea)             BCOR = 0.0pt
(typearea)             \paperwidth      = 597.50793pt
(typearea)              \textwidth      = 418.25555pt
(typearea)              DIV departure   = -6%
(typearea)              \evensidemargin = 17.3562pt
(typearea)              \oddsidemargin  = 17.3562pt
(typearea)             \paperheight     = 845.04694pt
(typearea)              \textheight     = 595.80026pt
(typearea)              \topmargin      = -25.16531pt
(typearea)              \headheight     = 17.0pt
(typearea)              \headsep        = 20.40001pt
(typearea)              \topskip        = 11.0pt
(typearea)              \footskip       = 47.6pt
(typearea)              \baselineskip   = 13.6pt
(typearea)              on input line 1802.
)
\c@part=\count188
\c@section=\count189
\c@subsection=\count190
\c@subsubsection=\count191
\c@paragraph=\count192
\c@subparagraph=\count193
\scr@dte@section@maxnumwidth=\skip54
Class scrartcl Info: using compatibility default `runin=bysign'
(scrartcl)           for `\section on input line 5107.
Class scrartcl Info: using compatibility default `afterindent=bysign'
(scrartcl)           for `\section on input line 5107.
\scr@dte@part@maxnumwidth=\skip55
Class scrartcl Info: using compatibility default `afterindent=false'
(scrartcl)           for `\part on input line 5115.
\scr@dte@subsection@maxnumwidth=\skip56
Class scrartcl Info: using compatibility default `runin=bysign'
(scrartcl)           for `\subsection on input line 5125.
Class scrartcl Info: using compatibility default `afterindent=bysign'
(scrartcl)           for `\subsection on input line 5125.
\scr@dte@subsubsection@maxnumwidth=\skip57
Class scrartcl Info: using compatibility default `runin=bysign'
(scrartcl)           for `\subsubsection on input line 5135.
Class scrartcl Info: using compatibility default `afterindent=bysign'
(scrartcl)           for `\subsubsection on input line 5135.
\scr@dte@paragraph@maxnumwidth=\skip58
Class scrartcl Info: using compatibility default `runin=bysign'
(scrartcl)           for `\paragraph on input line 5146.
Class scrartcl Info: using compatibility default `afterindent=bysign'
(scrartcl)           for `\paragraph on input line 5146.
\scr@dte@subparagraph@maxnumwidth=\skip59
Class scrartcl Info: using compatibility default `runin=bysign'
(scrartcl)           for `\subparagraph on input line 5156.
Class scrartcl Info: using compatibility default `afterindent=bysign'
(scrartcl)           for `\subparagraph on input line 5156.
\abovecaptionskip=\skip60
\belowcaptionskip=\skip61
\c@pti@nb@sid@b@x=\box52
Package tocbasic Info: omitting babel extension for `lof'
(tocbasic)             because of feature `nobabel' available
(tocbasic)             for `lof' on input line 6337.
\scr@dte@figure@maxnumwidth=\skip62
\c@figure=\count194
Package tocbasic Info: omitting babel extension for `lot'
(tocbasic)             because of feature `nobabel' available
(tocbasic)             for `lot' on input line 6353.
\scr@dte@table@maxnumwidth=\skip63
\c@table=\count195
Class scrartcl Info: Redefining `\numberline' on input line 6523.
\bibindent=\dimen140
) (structure.tex
(C:\Users\diogo\AppData\Local\Programs\MiKTeX\tex/latex/amsmath\amsmath.sty
Package: amsmath 2023/05/13 v2.17o AMS math features
\@mathmargin=\skip64

For additional information on amsmath, use the `?' option.
(C:\Users\diogo\AppData\Local\Programs\MiKTeX\tex/latex/amsmath\amstext.sty
Package: amstext 2021/08/26 v2.01 AMS text

(C:\Users\diogo\AppData\Local\Programs\MiKTeX\tex/latex/amsmath\amsgen.sty
File: amsgen.sty 1999/11/30 v2.0 generic functions
\@emptytoks=\toks18
\ex@=\dimen141
))
(C:\Users\diogo\AppData\Local\Programs\MiKTeX\tex/latex/amsmath\amsbsy.sty
Package: amsbsy 1999/11/29 v1.2d Bold Symbols
\pmbraise@=\dimen142
)
(C:\Users\diogo\AppData\Local\Programs\MiKTeX\tex/latex/amsmath\amsopn.sty
Package: amsopn 2022/04/08 v2.04 operator names
)
\inf@bad=\count196
LaTeX Info: Redefining \frac on input line 234.
\uproot@=\count197
\leftroot@=\count198
LaTeX Info: Redefining \overline on input line 399.
LaTeX Info: Redefining \colon on input line 410.
\classnum@=\count199
\DOTSCASE@=\count266
LaTeX Info: Redefining \ldots on input line 496.
LaTeX Info: Redefining \dots on input line 499.
LaTeX Info: Redefining \cdots on input line 620.
\Mathstrutbox@=\box53
\strutbox@=\box54
LaTeX Info: Redefining \big on input line 722.
LaTeX Info: Redefining \Big on input line 723.
LaTeX Info: Redefining \bigg on input line 724.
LaTeX Info: Redefining \Bigg on input line 725.
\big@size=\dimen143
LaTeX Font Info:    Redeclaring font encoding OML on input line 743.
LaTeX Font Info:    Redeclaring font encoding OMS on input line 744.
\macc@depth=\count267
LaTeX Info: Redefining \bmod on input line 905.
LaTeX Info: Redefining \pmod on input line 910.
LaTeX Info: Redefining \smash on input line 940.
LaTeX Info: Redefining \relbar on input line 970.
LaTeX Info: Redefining \Relbar on input line 971.
\c@MaxMatrixCols=\count268
\dotsspace@=\muskip16
\c@parentequation=\count269
\dspbrk@lvl=\count270
\tag@help=\toks19
\row@=\count271
\column@=\count272
\maxfields@=\count273
\andhelp@=\toks20
\eqnshift@=\dimen144
\alignsep@=\dimen145
\tagshift@=\dimen146
\tagwidth@=\dimen147
\totwidth@=\dimen148
\lineht@=\dimen149
\@envbody=\toks21
\multlinegap=\skip65
\multlinetaggap=\skip66
\mathdisplay@stack=\toks22
LaTeX Info: Redefining \[ on input line 2953.
LaTeX Info: Redefining \] on input line 2954.
)
(C:\Users\diogo\AppData\Local\Programs\MiKTeX\tex/latex/amsfonts\amsfonts.sty
Package: amsfonts 2013/01/14 v3.01 Basic AMSFonts support
\symAMSa=\mathgroup4
\symAMSb=\mathgroup5
LaTeX Font Info:    Redeclaring math symbol \hbar on input line 98.
LaTeX Font Info:    Overwriting math alphabet `\mathfrak' in version `bold'
(Font)                  U/euf/m/n --> U/euf/b/n on input line 106.
)
(C:\Users\diogo\AppData\Local\Programs\MiKTeX\tex/latex/amscls\amsthm.sty
Package: amsthm 2020/05/29 v2.20.6
\thm@style=\toks23
\thm@bodyfont=\toks24
\thm@headfont=\toks25
\thm@notefont=\toks26
\thm@headpunct=\toks27
\thm@preskip=\skip67
\thm@postskip=\skip68
\thm@headsep=\skip69
\dth@everypar=\toks28
)
(C:\Users\diogo\AppData\Local\Programs\MiKTeX\tex/latex/xpatch\xpatch.sty
(C:\Users\diogo\AppData\Local\Programs\MiKTeX\tex/latex/l3kernel\expl3.sty
Package: expl3 2023-12-08 L3 programming layer (loader) 

(C:\Users\diogo\AppData\Local\Programs\MiKTeX\tex/latex/l3backend\l3backend-pdf
tex.def
File: l3backend-pdftex.def 2023-11-09 L3 backend support: PDF output (pdfTeX)
\l__color_backend_stack_int=\count274
\l__pdf_internal_box=\box55
))
Package: xpatch 2020/03/25 v0.3a Extending etoolbox patching commands

(C:\Users\diogo\AppData\Local\Programs\MiKTeX\tex/latex/l3packages/xparse\xpars
e.sty
Package: xparse 2023-10-10 L3 Experimental document command parser
)
(C:\Users\diogo\AppData\Local\Programs\MiKTeX\tex/latex/etoolbox\etoolbox.sty
Package: etoolbox 2020/10/05 v2.5k e-TeX tools for LaTeX (JAW)
\etb@tempcnta=\count275
))
Class scrartcl Info: amsthm's \deferred@thm@head patched.
(C:\Users\diogo\AppData\Local\Programs\MiKTeX\tex/latex/listings\listings.sty
\lst@mode=\count276
\lst@gtempboxa=\box56
\lst@token=\toks29
\lst@length=\count277
\lst@currlwidth=\dimen150
\lst@column=\count278
\lst@pos=\count279
\lst@lostspace=\dimen151
\lst@width=\dimen152
\lst@newlines=\count280
\lst@lineno=\count281
\lst@maxwidth=\dimen153

(C:\Users\diogo\AppData\Local\Programs\MiKTeX\tex/latex/listings\lstmisc.sty
File: lstmisc.sty 2023/02/27 1.9 (Carsten Heinz)
\c@lstnumber=\count282
\lst@skipnumbers=\count283
\lst@framebox=\box57
)
(C:\Users\diogo\AppData\Local\Programs\MiKTeX\tex/latex/listings\listings.cfg
File: listings.cfg 2023/02/27 1.9 listings configuration
))
Package: listings 2023/02/27 1.9 (Carsten Heinz)
(C:\Users\diogo\AppData\Local\Programs\MiKTeX\tex/generic/babel\babel.sty
Package: babel 2023/12/06 v3.98 The Babel package
\babel@savecnt=\count284
\U@D=\dimen154
\l@unhyphenated=\language79

(C:\Users\diogo\AppData\Local\Programs\MiKTeX\tex/generic/babel\txtbabel.def)
\bbl@readstream=\read2
\bbl@dirlevel=\count285

*************************************
* Local config file bblopts.cfg used
*
(C:\Users\diogo\AppData\Local\Programs\MiKTeX\tex/latex/arabi\bblopts.cfg
File: bblopts.cfg 2005/09/08 v0.1 add Arabic and Farsi to "declared" options of
 babel
)
(C:\Users\diogo\AppData\Local\Programs\MiKTeX\tex/latex/babel-english\english.l
df
Language: english 2017/06/06 v3.3r English support from the babel system
Package babel Info: Hyphen rules for 'canadian' set to \l@english
(babel)             (\language0). Reported on input line 102.
Package babel Info: Hyphen rules for 'australian' set to \l@ukenglish
(babel)             (\language73). Reported on input line 105.
Package babel Info: Hyphen rules for 'newzealand' set to \l@ukenglish
(babel)             (\language73). Reported on input line 108.
))
(C:\Users\diogo\AppData\Local\Programs\MiKTeX\tex/generic/babel/locale/en\babel
-english.tex
Package babel Info: Importing font and identification data for english
(babel)             from babel-en.ini. Reported on input line 11.
)
(C:\Users\diogo\AppData\Local\Programs\MiKTeX\tex/latex/graphics\graphicx.sty
Package: graphicx 2021/09/16 v1.2d Enhanced LaTeX Graphics (DPC,SPQR)

(C:\Users\diogo\AppData\Local\Programs\MiKTeX\tex/latex/graphics\graphics.sty
Package: graphics 2022/03/10 v1.4e Standard LaTeX Graphics (DPC,SPQR)

(C:\Users\diogo\AppData\Local\Programs\MiKTeX\tex/latex/graphics\trig.sty
Package: trig 2021/08/11 v1.11 sin cos tan (DPC)
)
(C:\Users\diogo\AppData\Local\Programs\MiKTeX\tex/latex/graphics-cfg\graphics.c
fg
File: graphics.cfg 2016/06/04 v1.11 sample graphics configuration
)
Package graphics Info: Driver file: pdftex.def on input line 107.

(C:\Users\diogo\AppData\Local\Programs\MiKTeX\tex/latex/graphics-def\pdftex.def
File: pdftex.def 2022/09/22 v1.2b Graphics/color driver for pdftex
))
\Gin@req@height=\dimen155
\Gin@req@width=\dimen156
)
(C:\Users\diogo\AppData\Local\Programs\MiKTeX\tex/latex/booktabs\booktabs.sty
Package: booktabs 2020/01/12 v1.61803398 Publication quality tables
\heavyrulewidth=\dimen157
\lightrulewidth=\dimen158
\cmidrulewidth=\dimen159
\belowrulesep=\dimen160
\belowbottomsep=\dimen161
\aboverulesep=\dimen162
\abovetopsep=\dimen163
\cmidrulesep=\dimen164
\cmidrulekern=\dimen165
\defaultaddspace=\dimen166
\@cmidla=\count286
\@cmidlb=\count287
\@aboverulesep=\dimen167
\@belowrulesep=\dimen168
\@thisruleclass=\count288
\@lastruleclass=\count289
\@thisrulewidth=\dimen169
)
(C:\Users\diogo\AppData\Local\Programs\MiKTeX\tex/latex/enumitem\enumitem.sty
Package: enumitem 2019/06/20 v3.9 Customized lists
\labelindent=\skip70
\enit@outerparindent=\dimen170
\enit@toks=\toks30
\enit@inbox=\box58
\enit@count@id=\count290
\enitdp@description=\count291
)
(C:\Users\diogo\AppData\Local\Programs\MiKTeX\tex/latex/geometry\geometry.sty
Package: geometry 2020/01/02 v5.9 Page Geometry

(C:\Users\diogo\AppData\Local\Programs\MiKTeX\tex/generic/iftex\ifvtex.sty
Package: ifvtex 2019/10/25 v1.7 ifvtex legacy package. Use iftex instead.

(C:\Users\diogo\AppData\Local\Programs\MiKTeX\tex/generic/iftex\iftex.sty
Package: iftex 2022/02/03 v1.0f TeX engine tests
))
\Gm@cnth=\count292
\Gm@cntv=\count293
\c@Gm@tempcnt=\count294
\Gm@bindingoffset=\dimen171
\Gm@wd@mp=\dimen172
\Gm@odd@mp=\dimen173
\Gm@even@mp=\dimen174
\Gm@layoutwidth=\dimen175
\Gm@layoutheight=\dimen176
\Gm@layouthoffset=\dimen177
\Gm@layoutvoffset=\dimen178
\Gm@dimlist=\toks31

(C:\Users\diogo\AppData\Local\Programs\MiKTeX\tex/latex/geometry\geometry.cfg))
(C:\Users\diogo\AppData\Local\Programs\MiKTeX\tex/latex/base\inputenc.sty
Package: inputenc 2021/02/14 v1.3d Input encoding file
\inpenc@prehook=\toks32
\inpenc@posthook=\toks33
)
(C:\Users\diogo\AppData\Local\Programs\MiKTeX\tex/latex/base\fontenc.sty
Package: fontenc 2021/04/29 v2.0v Standard LaTeX package
)
(C:\Users\diogo\AppData\Local\Programs\MiKTeX\tex/latex/fourier\fourier.sty
Package: fourier 2024/09/08 2.4 fourier-GUTenberg package
Now handling font encoding FML ...
... no UTF-8 mapping file for font encoding FML
Now handling font encoding FMS ...
... no UTF-8 mapping file for font encoding FMS
Now handling font encoding FMX ...
... no UTF-8 mapping file for font encoding FMX

(C:\Users\diogo\AppData\Local\Programs\MiKTeX\tex/latex/base\fontenc.sty
Package: fontenc 2021/04/29 v2.0v Standard LaTeX package
LaTeX Font Info:    Trying to load font information for T1+futs on input line 1
12.

(C:\Users\diogo\AppData\Local\Programs\MiKTeX\tex/latex/fourier\t1futs.fd
File: t1futs.fd 2004/03/02 Fontinst v1.926 font definitions for T1/futs.
))
(C:\Users\diogo\AppData\Local\Programs\MiKTeX\tex/latex/base\textcomp.sty
Package: textcomp 2020/02/02 v2.0n Standard LaTeX package
)
(C:\Users\diogo\AppData\Local\Programs\MiKTeX\tex/latex/fourier\fourier-orns.st
y
Package: fourier-orns 2024/09/08 2.4 fourier-ornaments package
)
LaTeX Font Info:    Redeclaring symbol font `operators' on input line 64.
LaTeX Font Info:    Encoding `OT1' has changed to `T1' for symbol font
(Font)              `operators' in the math version `normal' on input line 64.
LaTeX Font Info:    Overwriting symbol font `operators' in version `normal'
(Font)                  OT1/cmr/m/n --> T1/futs/m/n on input line 64.
LaTeX Font Info:    Encoding `OT1' has changed to `T1' for symbol font
(Font)              `operators' in the math version `bold' on input line 64.
LaTeX Font Info:    Overwriting symbol font `operators' in version `bold'
(Font)                  OT1/cmr/bx/n --> T1/futs/m/n on input line 64.
LaTeX Font Info:    Overwriting symbol font `operators' in version `bold'
(Font)                  T1/futs/m/n --> T1/futs/b/n on input line 65.
LaTeX Font Info:    Redeclaring symbol font `letters' on input line 73.
LaTeX Font Info:    Encoding `OML' has changed to `FML' for symbol font
(Font)              `letters' in the math version `normal' on input line 73.
LaTeX Font Info:    Overwriting symbol font `letters' in version `normal'
(Font)                  OML/cmm/m/it --> FML/futmi/m/it on input line 73.
LaTeX Font Info:    Encoding `OML' has changed to `FML' for symbol font
(Font)              `letters' in the math version `bold' on input line 73.
LaTeX Font Info:    Overwriting symbol font `letters' in version `bold'
(Font)                  OML/cmm/b/it --> FML/futmi/m/it on input line 73.
\symotherletters=\mathgroup6
LaTeX Font Info:    Overwriting symbol font `letters' in version `bold'
(Font)                  FML/futmi/m/it --> FML/futmi/b/it on input line 75.
LaTeX Font Info:    Overwriting symbol font `otherletters' in version `bold'
(Font)                  FML/futm/m/it --> FML/futm/b/it on input line 76.
LaTeX Font Info:    Redeclaring math symbol \Gamma on input line 77.
LaTeX Font Info:    Redeclaring math symbol \Delta on input line 78.
LaTeX Font Info:    Redeclaring math symbol \Theta on input line 79.
LaTeX Font Info:    Redeclaring math symbol \Lambda on input line 80.
LaTeX Font Info:    Redeclaring math symbol \Xi on input line 81.
LaTeX Font Info:    Redeclaring math symbol \Pi on input line 82.
LaTeX Font Info:    Redeclaring math symbol \Sigma on input line 83.
LaTeX Font Info:    Redeclaring math symbol \Upsilon on input line 84.
LaTeX Font Info:    Redeclaring math symbol \Phi on input line 85.
LaTeX Font Info:    Redeclaring math symbol \Psi on input line 86.
LaTeX Font Info:    Redeclaring math symbol \Omega on input line 87.
LaTeX Font Info:    Redeclaring symbol font `symbols' on input line 127.
LaTeX Font Info:    Encoding `OMS' has changed to `FMS' for symbol font
(Font)              `symbols' in the math version `normal' on input line 127.
LaTeX Font Info:    Overwriting symbol font `symbols' in version `normal'
(Font)                  OMS/cmsy/m/n --> FMS/futm/m/n on input line 127.
LaTeX Font Info:    Encoding `OMS' has changed to `FMS' for symbol font
(Font)              `symbols' in the math version `bold' on input line 127.
LaTeX Font Info:    Overwriting symbol font `symbols' in version `bold'
(Font)                  OMS/cmsy/b/n --> FMS/futm/m/n on input line 127.
LaTeX Font Info:    Redeclaring symbol font `largesymbols' on input line 128.
LaTeX Font Info:    Encoding `OMX' has changed to `FMX' for symbol font
(Font)              `largesymbols' in the math version `normal' on input line 1
28.
LaTeX Font Info:    Overwriting symbol font `largesymbols' in version `normal'
(Font)                  OMX/cmex/m/n --> FMX/futm/m/n on input line 128.
LaTeX Font Info:    Encoding `OMX' has changed to `FMX' for symbol font
(Font)              `largesymbols' in the math version `bold' on input line 128
.
LaTeX Font Info:    Overwriting symbol font `largesymbols' in version `bold'
(Font)                  OMX/cmex/m/n --> FMX/futm/m/n on input line 128.
LaTeX Font Info:    Redeclaring math alphabet \mathbf on input line 129.
LaTeX Font Info:    Overwriting math alphabet `\mathbf' in version `normal'
(Font)                  OT1/cmr/bx/n --> T1/futs/bx/n on input line 129.
LaTeX Font Info:    Overwriting math alphabet `\mathbf' in version `bold'
(Font)                  OT1/cmr/bx/n --> T1/futs/bx/n on input line 129.
LaTeX Font Info:    Redeclaring math alphabet \mathrm on input line 130.
LaTeX Font Info:    Redeclaring math alphabet \mathit on input line 131.
LaTeX Font Info:    Overwriting math alphabet `\mathit' in version `normal'
(Font)                  OT1/cmr/m/it --> T1/futs/m/it on input line 131.
LaTeX Font Info:    Overwriting math alphabet `\mathit' in version `bold'
(Font)                  OT1/cmr/bx/it --> T1/futs/m/it on input line 131.
LaTeX Font Info:    Redeclaring math alphabet \mathcal on input line 132.
LaTeX Font Info:    Redeclaring math symbol \parallel on input line 148.
LaTeX Font Info:    Redeclaring math symbol \hbar on input line 162.
LaTeX Font Info:    Redeclaring math symbol \square on input line 167.
LaTeX Font Info:    Redeclaring math symbol \varkappa on input line 200.
LaTeX Font Info:    Redeclaring math symbol \varvarrho on input line 201.
LaTeX Font Info:    Redeclaring math delimiter \Vert on input line 224.
LaTeX Font Info:    Redeclaring math delimiter \vert on input line 229.
LaTeX Font Info:    Redeclaring math delimiter \lvert on input line 231.
LaTeX Font Info:    Redeclaring math delimiter \rvert on input line 233.
LaTeX Font Info:    Redeclaring math delimiter \lVert on input line 235.
LaTeX Font Info:    Redeclaring math delimiter \rVert on input line 237.
LaTeX Font Info:    Redeclaring math delimiter \Downarrow on input line 239.
LaTeX Font Info:    Redeclaring math delimiter \backslash on input line 241.
LaTeX Font Info:    Redeclaring math delimiter \rangle on input line 243.
LaTeX Font Info:    Redeclaring math delimiter \langle on input line 245.
LaTeX Font Info:    Redeclaring math delimiter \rbrace on input line 247.
LaTeX Font Info:    Redeclaring math delimiter \lbrace on input line 249.
LaTeX Font Info:    Redeclaring math delimiter \rceil on input line 251.
LaTeX Font Info:    Redeclaring math delimiter \lceil on input line 253.
LaTeX Font Info:    Redeclaring math delimiter \rfloor on input line 255.
LaTeX Font Info:    Redeclaring math delimiter \lfloor on input line 257.
LaTeX Font Info:    Redeclaring math accent \acute on input line 261.
LaTeX Font Info:    Redeclaring math accent \grave on input line 262.
LaTeX Font Info:    Redeclaring math accent \ddot on input line 263.
LaTeX Font Info:    Redeclaring math accent \tilde on input line 264.
LaTeX Font Info:    Redeclaring math accent \bar on input line 265.
LaTeX Font Info:    Redeclaring math accent \breve on input line 266.
LaTeX Font Info:    Redeclaring math accent \check on input line 267.
LaTeX Font Info:    Redeclaring math accent \hat on input line 268.
LaTeX Font Info:    Redeclaring math accent \dot on input line 269.
LaTeX Font Info:    Redeclaring math accent \mathring on input line 270.
\symUfutm=\mathgroup7
) (C:\Users\diogo\AppData\Local\Programs\MiKTeX\tex/latex/sectsty\sectsty.sty
Package: sectsty 2002/02/25 v2.0.2 Commands to change all sectional heading sty
les

LaTeX Warning: Command \underbar  has changed.
               Check if current package is valid.


LaTeX Warning: Command \underline  has changed.
               Check if current package is valid.

)

Class scrartcl Warning: Incompatible package `sectsty' loaded!
(scrartcl)              Package `sectsty' up to version 2.0.2 is incompatible
(scrartcl)              with KOMA-Script from version 2.8e released in 2001.
(scrartcl)              You should avoid that package and configure the
(scrartcl)              section titles of your document using the KOMA-Script
(scrartcl)              user interface, e.g., \chapterlinesformat,
(scrartcl)              \RedeclareSectionCommand etc. or you should ask
(scrartcl)              the `sectsty' maintainer for a more compatible release.

(scrartcl)              Ignoring this warning could result in several error
(scrartcl)              messages and formatting issues after loading package
(scrartcl)              `sectsty' on input line 74.


(C:\Users\diogo\AppData\Local\Programs\MiKTeX\tex/latex/koma-script\scrlayer-sc
rpage.sty
Package: scrlayer-scrpage 2024/10/24 v3.43 KOMA-Script package (end user interf
ace for scrlayer)

(C:\Users\diogo\AppData\Local\Programs\MiKTeX\tex/latex/koma-script\scrlayer.st
y
Package: scrlayer 2024/10/24 v3.43 KOMA-Script package (defining layers and pag
e styles)
Package scrlayer Info: patching LaTeX kernel macro \pagestyle on input line 218
2.
)
Package scrlayer-scrpage Info: Makeing stand-alone element `pagehead' from
(scrlayer-scrpage)             alias to `pageheadfoot' on input line 1106.
)) (C:\Users\diogo\AppData\Local\Programs\MiKTeX\tex/latex/graphics\color.sty
Package: color 2022/01/06 v1.3d Standard LaTeX Color (DPC)
(C:\Users\diogo\AppData\Local\Programs\MiKTeX\tex/latex/graphics-cfg\color.cfg
File: color.cfg 2016/01/02 v1.6 sample color configuration
)
Package color Info: Driver file: pdftex.def on input line 149.
(C:\Users\diogo\AppData\Local\Programs\MiKTeX\tex/latex/graphics\mathcolor.ltx)
) (C:\Users\diogo\AppData\Local\Programs\MiKTeX\tex/latex/listings\lstlang1.sty
File: lstlang1.sty 2023/02/27 1.9 listings language file
) (C:\Users\diogo\AppData\Local\Programs\MiKTeX\tex/latex/listings\lstmisc.sty
File: lstmisc.sty 2023/02/27 1.9 (Carsten Heinz)
)
Package color Info: Redefining color red on input line 51.
Package color Info: Redefining color blue on input line 52.
Package color Info: Redefining color green on input line 53.
Package color Info: Redefining color cyan on input line 54.
Package color Info: Redefining color white on input line 56.
(C:\Users\diogo\AppData\Local\Programs\MiKTeX\tex/latex/caption\caption.sty
Package: caption 2023/08/05 v3.6o Customizing captions (AR)

(C:\Users\diogo\AppData\Local\Programs\MiKTeX\tex/latex/caption\caption3.sty
Package: caption3 2023/07/31 v2.4d caption3 kernel (AR)
\caption@tempdima=\dimen179
\captionmargin=\dimen180
\caption@leftmargin=\dimen181
\caption@rightmargin=\dimen182
\caption@width=\dimen183
\caption@indent=\dimen184
\caption@parindent=\dimen185
\caption@hangindent=\dimen186
Package caption Info: KOMA-Script document class detected.

(C:\Users\diogo\AppData\Local\Programs\MiKTeX\tex/latex/caption\caption-koma.st
o
File: caption-koma.sto 2023/09/08 v2.0e Adaption of the caption package to the 
KOMA-Script document classes (AR)
))
\c@caption@flags=\count295
\c@continuedfloat=\count296
Package caption Info: listings package is loaded.
Package caption Info: KOMA-Script scrextend package detected.
\caption@addmargin@hsize=\dimen187
\caption@addmargin@linewidth=\dimen188
) (main.aux)
\openout1 = `main.aux'.

LaTeX Font Info:    Checking defaults for OML/cmm/m/it on input line 113.
LaTeX Font Info:    ... okay on input line 113.
LaTeX Font Info:    Checking defaults for OMS/cmsy/m/n on input line 113.
LaTeX Font Info:    ... okay on input line 113.
LaTeX Font Info:    Checking defaults for OT1/cmr/m/n on input line 113.
LaTeX Font Info:    ... okay on input line 113.
LaTeX Font Info:    Checking defaults for T1/cmr/m/n on input line 113.
LaTeX Font Info:    ... okay on input line 113.
LaTeX Font Info:    Checking defaults for TS1/cmr/m/n on input line 113.
LaTeX Font Info:    ... okay on input line 113.
LaTeX Font Info:    Checking defaults for OMX/cmex/m/n on input line 113.
LaTeX Font Info:    ... okay on input line 113.
LaTeX Font Info:    Checking defaults for U/cmr/m/n on input line 113.
LaTeX Font Info:    ... okay on input line 113.
LaTeX Font Info:    Checking defaults for FML/futm/m/it on input line 113.
LaTeX Font Info:    Trying to load font information for FML+futm on input line 
113.

(C:\Users\diogo\AppData\Local\Programs\MiKTeX\tex/latex/fourier\fmlfutm.fd
File: fmlfutm.fd 2004/10/30 Fontinst v1.926 font definitions for FML/futm.
)
LaTeX Font Info:    ... okay on input line 113.
LaTeX Font Info:    Checking defaults for FMS/futm/m/n on input line 113.
LaTeX Font Info:    Trying to load font information for FMS+futm on input line 
113.

(C:\Users\diogo\AppData\Local\Programs\MiKTeX\tex/latex/fourier\fmsfutm.fd
File: fmsfutm.fd 2004/10/30 Fontinst v1.926 font definitions for FMS/futm.
)
LaTeX Font Info:    ... okay on input line 113.
LaTeX Font Info:    Checking defaults for FMX/futm/m/n on input line 113.
LaTeX Font Info:    Trying to load font information for FMX+futm on input line 
113.

(C:\Users\diogo\AppData\Local\Programs\MiKTeX\tex/latex/fourier\fmxfutm.fd
File: fmxfutm.fd futm-extension
)
LaTeX Font Info:    ... okay on input line 113.
Package scrbase Info: activating english \abstractname on input line 113.
Package scrbase Info: activating english \partname on input line 113.
Package scrbase Info: activating english \figurename on input line 113.
Package scrbase Info: activating english \tablename on input line 113.
Package scrbase Info: activating english \contentsname on input line 113.
Package scrbase Info: activating english \listfigurename on input line 113.
Package scrbase Info: activating english \listtablename on input line 113.
Package scrbase Info: activating english \refname on input line 113.
Package scrbase Info: activating english \indexname on input line 113.
\c@lstlisting=\count297

(C:\Users\diogo\AppData\Local\Programs\MiKTeX\tex/context/base/mkii\supp-pdf.mk
ii
[Loading MPS to PDF converter (version 2006.09.02).]
\scratchcounter=\count298
\scratchdimen=\dimen189
\scratchbox=\box59
\nofMPsegments=\count299
\nofMParguments=\count300
\everyMPshowfont=\toks34
\MPscratchCnt=\count301
\MPscratchDim=\dimen190
\MPnumerator=\count302
\makeMPintoPDFobject=\count303
\everyMPtoPDFconversion=\toks35
)
(C:\Users\diogo\AppData\Local\Programs\MiKTeX\tex/latex/epstopdf-pkg\epstopdf-b
ase.sty
Package: epstopdf-base 2020-01-24 v2.11 Base part for package epstopdf
Package epstopdf-base Info: Redefining graphics rule for `.eps' on input line 4
85.

(C:\Users\diogo\AppData\Local\Programs\MiKTeX\tex/latex/00miktex\epstopdf-sys.c
fg
File: epstopdf-sys.cfg 2021/03/18 v2.0 Configuration of epstopdf for MiKTeX
))
*geometry* driver: auto-detecting
*geometry* detected driver: pdftex
*geometry* verbose mode - [ preamble ] result:
* driver: pdftex
* paper: a4paper
* layout: <same size as paper>
* layoutoffset:(h,v)=(0.0pt,0.0pt)
* modes: 
* h-part:(L,W,R)=(85.35826pt, 426.79135pt, 85.35826pt)
* v-part:(T,H,B)=(71.13188pt, 688.5567pt, 85.35826pt)
* \paperwidth=597.50787pt
* \paperheight=845.04684pt
* \textwidth=426.79135pt
* \textheight=688.5567pt
* \oddsidemargin=13.08827pt
* \evensidemargin=13.08827pt
* \topmargin=-43.81721pt
* \headheight=21.33955pt
* \headsep=21.33955pt
* \topskip=11.0pt
* \footskip=42.67912pt
* \marginparwidth=59.7508pt
* \marginparsep=12.8401pt
* \columnsep=10.0pt
* \skip\footins=10.0pt plus 4.0pt minus 2.0pt
* \hoffset=0.0pt
* \voffset=0.0pt
* \mag=1000
* \@twocolumnfalse
* \@twosidefalse
* \@mparswitchfalse
* \@reversemarginfalse
* (1in=72.27pt=25.4mm, 1cm=28.453pt)

LaTeX Font Info:    Redeclaring math accent \widehat on input line 113.
LaTeX Font Info:    Redeclaring math accent \widetilde on input line 113.
Package caption Info: Begin \AtBeginDocument code.
Package caption Info: End \AtBeginDocument code.
LaTeX Font Info:    Trying to load font information for T1+cmss on input line 1
16.
(C:\Users\diogo\AppData\Local\Programs\MiKTeX\tex/latex/base\t1cmss.fd
File: t1cmss.fd 2023/04/13 v2.5m Standard LaTeX font definitions
)
<Figures/EST.png, id=1, 396.48125pt x 127.47626pt>
File: Figures/EST.png Graphic file (type png)
<use Figures/EST.png>
Package pdftex.def Info: Figures/EST.png  used on input line 116.
(pdftex.def)             Requested size: 213.39568pt x 68.61246pt.
LaTeX Font Info:    Trying to load font information for FML+futmi on input line
 116.

(C:\Users\diogo\AppData\Local\Programs\MiKTeX\tex/latex/fourier\fmlfutmi.fd
File: fmlfutmi.fd 2004/10/30 Fontinst v1.926 font definitions for FML/futmi.
)
LaTeX Font Info:    Font shape `FMX/futm/m/n' will be
(Font)              scaled to size 13.24796pt on input line 116.
LaTeX Font Info:    Font shape `FMX/futm/m/n' will be
(Font)              scaled to size 9.19998pt on input line 116.
LaTeX Font Info:    Font shape `FMX/futm/m/n' will be
(Font)              scaled to size 7.35999pt on input line 116.
LaTeX Font Info:    Trying to load font information for U+msa on input line 116
.

(C:\Users\diogo\AppData\Local\Programs\MiKTeX\tex/latex/amsfonts\umsa.fd
File: umsa.fd 2013/01/14 v3.01 AMS symbols A
)
LaTeX Font Info:    Trying to load font information for U+msb on input line 116
.

(C:\Users\diogo\AppData\Local\Programs\MiKTeX\tex/latex/amsfonts\umsb.fd
File: umsb.fd 2013/01/14 v3.01 AMS symbols B
)
LaTeX Font Info:    Font shape `U/futm/m/n' will be
(Font)              scaled to size 13.24796pt on input line 116.
LaTeX Font Info:    Font shape `U/futm/m/n' will be
(Font)              scaled to size 9.19998pt on input line 116.
LaTeX Font Info:    Font shape `U/futm/m/n' will be
(Font)              scaled to size 7.35999pt on input line 116.
LaTeX Font Info:    Trying to load font information for TS1+futs on input line 
116.

(C:\Users\diogo\AppData\Local\Programs\MiKTeX\tex/latex/fourier\ts1futs.fd
File: ts1futs.fd 2003/09/14 Fontinst v1.801 font definitions for TS1/futs.
)
LaTeX Font Info:    Font shape `FMX/futm/m/n' will be
(Font)              scaled to size 10.07397pt on input line 133.
LaTeX Font Info:    Font shape `FMX/futm/m/n' will be
(Font)              scaled to size 7.63599pt on input line 133.
LaTeX Font Info:    Font shape `FMX/futm/m/n' will be
(Font)              scaled to size 5.51999pt on input line 133.
LaTeX Font Info:    Font shape `U/futm/m/n' will be
(Font)              scaled to size 10.07397pt on input line 133.
LaTeX Font Info:    Font shape `U/futm/m/n' will be
(Font)              scaled to size 7.63599pt on input line 133.
LaTeX Font Info:    Font shape `U/futm/m/n' will be
(Font)              scaled to size 5.51999pt on input line 133.

[1


{C:/Users/diogo/AppData/Local/MiKTeX/fonts/map/pdftex/pdftex.map}{C:/Users/diog
o/AppData/Local/Programs/MiKTeX/fonts/enc/dvips/base/8r.enc} <./Figures/EST.png
>]

Class scrartcl Warning: Incompatible usage of \@ssect detected.
(scrartcl)              You've used the KOMA-Script implementation of \@ssect
(scrartcl)              from within a non compatible caller, that does not
(scrartcl)              \scr@s@ct@@nn@m@ locally.
(scrartcl)              This could result in several error messages on input li
ne 136.

(main.toc)
\tf@toc=\write3
\openout3 = `main.toc'.

 [2]

Class scrartcl Warning: Usage of \float@listhead detected!
(scrartcl)              This could be, because you are using
(scrartcl)              a package that does not support the KOMA-Script
(scrartcl)              interface of KOMA-Script package `tocbasic`.
(scrartcl)              Implementation of \float@listhead became
(scrartcl)              deprecated in KOMA-Script v3.01 2008/11/14 and
(scrartcl)              has been replaced by several more flexible
(scrartcl)              features of package `tocbasic`.
(scrartcl)              Implementation of \float@listhead will
(scrartcl)              be removed from KOMA-Script soon on input line 142.


Class scrartcl Warning: Incompatible usage of \@ssect detected.
(scrartcl)              You've used the KOMA-Script implementation of \@ssect
(scrartcl)              from within a non compatible caller, that does not
(scrartcl)              \scr@s@ct@@nn@m@ locally.
(scrartcl)              This could result in several error messages on input li
ne 142.

(main.lol)
\tf@lol=\write4
\openout4 = `main.lol'.

 [3] [4]
(C:\Users\diogo\AppData\Local\Programs\MiKTeX\tex/latex/listings\lstlang1.sty
File: lstlang1.sty 2023/02/27 1.9 listings language file
)
LaTeX Font Info:    Font shape `FMX/futm/m/n' will be
(Font)              scaled to size 8.27998pt on input line 191.
LaTeX Font Info:    Font shape `FMX/futm/m/n' will be
(Font)              scaled to size 6.99199pt on input line 191.
LaTeX Font Info:    Font shape `U/futm/m/n' will be
(Font)              scaled to size 8.27998pt on input line 191.
LaTeX Font Info:    Font shape `U/futm/m/n' will be
(Font)              scaled to size 6.99199pt on input line 191.

Overfull \hbox (6.0pt too wide) in paragraph at lines 191--191
[][][][][][][] 
 []

LaTeX Font Info:    Trying to load font information for T1+cmtt on input line 1
91.
(C:\Users\diogo\AppData\Local\Programs\MiKTeX\tex/latex/base\t1cmtt.fd
File: t1cmtt.fd 2023/04/13 v2.5m Standard LaTeX font definitions
)
[5]
Overfull \hbox (6.0pt too wide) in paragraph at lines 221--221
[][][][][][][] 
 []

[6]
Overfull \hbox (7.43002pt too wide) in paragraph at lines 274--275
[]\T1/futs/b/n/10.95 Business Layer\T1/futs/m/n/10.95 : Ca-mada que con-tém to-
das as re-gras e val-i-dações de se-gu-rança necessárias
 []

<Figures/N-Tier.png, id=28, 218.31563pt x 255.20343pt>
File: Figures/N-Tier.png Graphic file (type png)
<use Figures/N-Tier.png>
Package pdftex.def Info: Figures/N-Tier.png  used on input line 281.
(pdftex.def)             Requested size: 213.39568pt x 249.45512pt.
[7 <./Figures/N-Tier.png>]
Overfull \hbox (6.0pt too wide) in paragraph at lines 298--298
[][][][][][][] 
 []


Overfull \hbox (7.8676pt too wide) in paragraph at lines 317--318
[]\T1/futs/b/n/10.95 Fortemente tipado\T1/futs/m/n/10.95 :As con-sul-tas LINQ s
ão ver-i-fi-cadas em tempo de com-pi-lação, re-duzindo
 []


Overfull \hbox (22.43163pt too wide) in paragraph at lines 324--325
[]\T1/futs/b/n/10.95 Redução de Código Boil-er-plate\T1/futs/m/n/10.95 : Op-er-
ações que tradi-cional-mente exi-giriam loops e condições
 []

[8]
Overfull \hbox (6.0pt too wide) in paragraph at lines 332--332
[][][][][][][] 
 []

[9]
Overfull \hbox (6.0pt too wide) in paragraph at lines 363--363
[][][][][][][] 
 []

[10]
<Figures/Testes.png, id=44, 1006.51031pt x 360.59718pt>
File: Figures/Testes.png Graphic file (type png)
<use Figures/Testes.png>
Package pdftex.def Info: Figures/Testes.png  used on input line 423.
(pdftex.def)             Requested size: 426.79135pt x 152.90237pt.
<Figures/DiagramaUML_POO.png, id=45, 3598.44376pt x 3436.84pt>
File: Figures/DiagramaUML_POO.png Graphic file (type png)
<use Figures/DiagramaUML_POO.png>
Package pdftex.def Info: Figures/DiagramaUML_POO.png  used on input line 432.
(pdftex.def)             Requested size: 426.79135pt x 407.57835pt.


LaTeX Warning: `h' float specifier changed to `ht'.


Overfull \hbox (6.0723pt too wide) in paragraph at lines 448--449
[]\T1/futs/b/it/10.95 MembroINEM.cs\T1/futs/m/n/10.95 : Definição de atrib-u-to
s e pro-priedades de Mem-bro do INEM. Herda
 []

[11 <./Figures/Testes.png>] [12 <./Figures/DiagramaUML_POO.png>]
Overfull \hbox (5.40384pt too wide) in paragraph at lines 483--484
[]\T1/futs/b/it/10.95 MembroINEMBO.cs\T1/futs/m/n/10.95 : Definição de atrib-u-
tos de um mem-bro do INEM e pro-priedades
 []


Overfull \hbox (6.0pt too wide) in paragraph at lines 499--499
[][][][][][][] 
 []

[13]
Overfull \hbox (6.0pt too wide) in paragraph at lines 537--537
[][][][][][][] 
 []

[14]
Overfull \hbox (6.0pt too wide) in paragraph at lines 598--598
[][][][][][][] 
 []

[15]
Overfull \hbox (1.76875pt too wide) in paragraph at lines 631--632
[]\T1/futs/m/n/10.95 Em suma, o pro-jeto cumpriu os ob-je-tivos pro-pos-tos, nã
o só for-t-ale-cendo a com-preen-são teórica
 []

[16] (main.aux)
 ***********
LaTeX2e <2023-11-01>
L3 programming layer <2020/03/25>
 ***********
 ) 
Here is how much of TeX's memory you used:
 13351 strings out of 474491
 269153 string characters out of 5743835
 2170473 words of memory out of 5000000
 35428 multiletter control sequences out of 15000+600000
 682370 words of font info for 149 fonts, out of 8000000 for 9000
 1141 hyphenation exceptions out of 8191
 108i,21n,107p,10901b,1969s stack positions out of 10000i,1000n,20000p,200000b,200000s
 <C:\Users\diogo\AppData\Local\MiKTeX\fonts/pk/ljfour/jknappen/ec/dpi600\ectt
0900.pk> <C:\Users\diogo\AppData\Local\MiKTeX\fonts/pk/ljfour/jknappen/ec/dpi60
0\ecsx1095.pk><C:/Users/diogo/AppData/Local/Programs/MiKTeX/fonts/type1/adobe/u
topia/putb8a.pfb><C:/Users/diogo/AppData/Local/Programs/MiKTeX/fonts/type1/adob
e/utopia/putbi8a.pfb><C:/Users/diogo/AppData/Local/Programs/MiKTeX/fonts/type1/
adobe/utopia/putr8a.pfb><C:/Users/diogo/AppData/Local/Programs/MiKTeX/fonts/typ
e1/adobe/utopia/putri8a.pfb>
Output written on main.pdf (16 pages, 1323849 bytes).
PDF statistics:
 202 PDF objects out of 1000 (max. 8388607)
 0 named destinations out of 1000 (max. 500000)
 21 words of extra memory for PDF output out of 10000 (max. 10000000)

