\BOOKMARK [0][-]{chapter.1}{\376\377\0001\000\040\000N\000a\000m\000e\000s\000p\000a\000c\000e\000\040\000I\000n\000d\000e\000x}{}% 1
\BOOKMARK [1][-]{section.1.1}{\376\377\0001\000.\0001\000\040\000N\000a\000m\000e\000s\000p\000a\000c\000e\000\040\000L\000i\000s\000t}{chapter.1}% 2
\BOOKMARK [0][-]{chapter.2}{\376\377\0002\000\040\000H\000i\000e\000r\000a\000r\000c\000h\000i\000c\000a\000l\000\040\000I\000n\000d\000e\000x}{}% 3
\BOOKMARK [1][-]{section.2.1}{\376\377\0002\000.\0001\000\040\000C\000l\000a\000s\000s\000\040\000H\000i\000e\000r\000a\000r\000c\000h\000y}{chapter.2}% 4
\BOOKMARK [0][-]{chapter.3}{\376\377\0003\000\040\000D\000a\000t\000a\000\040\000S\000t\000r\000u\000c\000t\000u\000r\000e\000\040\000I\000n\000d\000e\000x}{}% 5
\BOOKMARK [1][-]{section.3.1}{\376\377\0003\000.\0001\000\040\000D\000a\000t\000a\000\040\000S\000t\000r\000u\000c\000t\000u\000r\000e\000s}{chapter.3}% 6
\BOOKMARK [0][-]{chapter.4}{\376\377\0004\000\040\000F\000i\000l\000e\000\040\000I\000n\000d\000e\000x}{}% 7
\BOOKMARK [1][-]{section.4.1}{\376\377\0004\000.\0001\000\040\000F\000i\000l\000e\000\040\000L\000i\000s\000t}{chapter.4}% 8
\BOOKMARK [0][-]{chapter.5}{\376\377\0005\000\040\000N\000a\000m\000e\000s\000p\000a\000c\000e\000\040\000D\000o\000c\000u\000m\000e\000n\000t\000a\000t\000i\000o\000n}{}% 9
\BOOKMARK [1][-]{section.5.1}{\376\377\0005\000.\0001\000\040\000B\000u\000s\000i\000n\000e\000s\000s\000O\000b\000j\000e\000c\000t\000s\000\040\000N\000a\000m\000e\000s\000p\000a\000c\000e\000\040\000R\000e\000f\000e\000r\000e\000n\000c\000e}{chapter.5}% 10
\BOOKMARK [1][-]{section.5.2}{\376\377\0005\000.\0002\000\040\000D\000a\000d\000o\000s\000\040\000N\000a\000m\000e\000s\000p\000a\000c\000e\000\040\000R\000e\000f\000e\000r\000e\000n\000c\000e}{chapter.5}% 11
\BOOKMARK [1][-]{section.5.3}{\376\377\0005\000.\0003\000\040\000E\000n\000u\000m\000s\000\040\000N\000a\000m\000e\000s\000p\000a\000c\000e\000\040\000R\000e\000f\000e\000r\000e\000n\000c\000e}{chapter.5}% 12
\BOOKMARK [2][-]{subsection.5.3.1}{\376\377\0005\000.\0003\000.\0001\000\040\000E\000n\000u\000m\000e\000r\000a\000t\000i\000o\000n\000\040\000T\000y\000p\000e\000\040\000D\000o\000c\000u\000m\000e\000n\000t\000a\000t\000i\000o\000n}{section.5.3}% 13
\BOOKMARK [3][-]{subsubsection.5.3.1.1}{\376\377\0005\000.\0003\000.\0001\000.\0001\000\040\000E\000n\000t\000i\000d\000a\000d\000e}{subsection.5.3.1}% 14
\BOOKMARK [3][-]{subsubsection.5.3.1.2}{\376\377\0005\000.\0003\000.\0001\000.\0002\000\040\000E\000r\000r\000o}{subsection.5.3.1}% 15
\BOOKMARK [3][-]{subsubsection.5.3.1.3}{\376\377\0005\000.\0003\000.\0001\000.\0003\000\040\000E\000s\000p\000e\000c\000i\000a\000l\000i\000d\000a\000d\000e\000I\000N\000E\000M}{subsection.5.3.1}% 16
\BOOKMARK [3][-]{subsubsection.5.3.1.4}{\376\377\0005\000.\0003\000.\0001\000.\0004\000\040\000E\000s\000t\000a\000d\000o\000E\000q\000u\000i\000p}{subsection.5.3.1}% 17
\BOOKMARK [3][-]{subsubsection.5.3.1.5}{\376\377\0005\000.\0003\000.\0001\000.\0005\000\040\000E\000s\000t\000a\000d\000o\000O\000c\000o\000r\000r}{subsection.5.3.1}% 18
\BOOKMARK [3][-]{subsubsection.5.3.1.6}{\376\377\0005\000.\0003\000.\0001\000.\0006\000\040\000P\000a\000t\000e\000n\000t\000e\000B\000o\000m\000b\000e\000i\000r\000o}{subsection.5.3.1}% 19
\BOOKMARK [1][-]{section.5.4}{\376\377\0005\000.\0004\000\040\000E\000x\000c\000e\000p\000t\000i\000o\000n\000s\000\040\000N\000a\000m\000e\000s\000p\000a\000c\000e\000\040\000R\000e\000f\000e\000r\000e\000n\000c\000e}{chapter.5}% 20
\BOOKMARK [1][-]{section.5.5}{\376\377\0005\000.\0005\000\040\000R\000e\000g\000r\000a\000s\000\040\000N\000a\000m\000e\000s\000p\000a\000c\000e\000\040\000R\000e\000f\000e\000r\000e\000n\000c\000e}{chapter.5}% 21
\BOOKMARK [1][-]{section.5.6}{\376\377\0005\000.\0006\000\040\000T\000e\000s\000t\000e\000s\000\040\000N\000a\000m\000e\000s\000p\000a\000c\000e\000\040\000R\000e\000f\000e\000r\000e\000n\000c\000e}{chapter.5}% 22
\BOOKMARK [1][-]{section.5.7}{\376\377\0005\000.\0007\000\040\000T\000r\000a\000b\000a\000l\000h\000o\000P\000O\000O\000\137\0002\0006\0000\0004\0002\000\040\000N\000a\000m\000e\000s\000p\000a\000c\000e\000\040\000R\000e\000f\000e\000r\000e\000n\000c\000e}{chapter.5}% 23
\BOOKMARK [1][-]{section.5.8}{\376\377\0005\000.\0008\000\040\000V\000a\000l\000i\000d\000a\000c\000o\000e\000s\000\040\000N\000a\000m\000e\000s\000p\000a\000c\000e\000\040\000R\000e\000f\000e\000r\000e\000n\000c\000e}{chapter.5}% 24
\BOOKMARK [0][-]{chapter.6}{\376\377\0006\000\040\000D\000a\000t\000a\000\040\000S\000t\000r\000u\000c\000t\000u\000r\000e\000\040\000D\000o\000c\000u\000m\000e\000n\000t\000a\000t\000i\000o\000n}{}% 25
\BOOKMARK [1][-]{section.6.1}{\376\377\0006\000.\0001\000\040\000D\000a\000d\000o\000s\000.\000B\000o\000m\000b\000e\000i\000r\000o\000\040\000C\000l\000a\000s\000s\000\040\000R\000e\000f\000e\000r\000e\000n\000c\000e}{chapter.6}% 26
\BOOKMARK [2][-]{subsection.6.1.1}{\376\377\0006\000.\0001\000.\0001\000\040\000D\000e\000t\000a\000i\000l\000e\000d\000\040\000D\000e\000s\000c\000r\000i\000p\000t\000i\000o\000n}{section.6.1}% 27
\BOOKMARK [2][-]{subsection.6.1.2}{\376\377\0006\000.\0001\000.\0002\000\040\000C\000o\000n\000s\000t\000r\000u\000c\000t\000o\000r\000\040\000\046\000\040\000D\000e\000s\000t\000r\000u\000c\000t\000o\000r\000\040\000D\000o\000c\000u\000m\000e\000n\000t\000a\000t\000i\000o\000n}{section.6.1}% 28
\BOOKMARK [3][-]{subsubsection.6.1.2.1}{\376\377\0006\000.\0001\000.\0002\000.\0001\000\040\000B\000o\000m\000b\000e\000i\000r\000o\000\050\000\051\000\040\000[\0001\000/\0004\000]}{subsection.6.1.2}% 29
\BOOKMARK [3][-]{subsubsection.6.1.2.2}{\376\377\0006\000.\0001\000.\0002\000.\0002\000\040\000B\000o\000m\000b\000e\000i\000r\000o\000\050\000\051\000\040\000[\0002\000/\0004\000]}{subsection.6.1.2}% 30
\BOOKMARK [3][-]{subsubsection.6.1.2.3}{\376\377\0006\000.\0001\000.\0002\000.\0003\000\040\000B\000o\000m\000b\000e\000i\000r\000o\000\050\000\051\000\040\000[\0003\000/\0004\000]}{subsection.6.1.2}% 31
\BOOKMARK [3][-]{subsubsection.6.1.2.4}{\376\377\0006\000.\0001\000.\0002\000.\0004\000\040\000B\000o\000m\000b\000e\000i\000r\000o\000\050\000\051\000\040\000[\0004\000/\0004\000]}{subsection.6.1.2}% 32
\BOOKMARK [3][-]{subsubsection.6.1.2.5}{\376\377\0006\000.\0001\000.\0002\000.\0005\000\040\000~\000B\000o\000m\000b\000e\000i\000r\000o\000\050\000\051}{subsection.6.1.2}% 33
\BOOKMARK [2][-]{subsection.6.1.3}{\376\377\0006\000.\0001\000.\0003\000\040\000M\000e\000m\000b\000e\000r\000\040\000F\000u\000n\000c\000t\000i\000o\000n\000\040\000D\000o\000c\000u\000m\000e\000n\000t\000a\000t\000i\000o\000n}{section.6.1}% 34
\BOOKMARK [3][-]{subsubsection.6.1.3.1}{\376\377\0006\000.\0001\000.\0003\000.\0001\000\040\000T\000o\000S\000t\000r\000i\000n\000g\000\050\000\051}{subsection.6.1.3}% 35
\BOOKMARK [2][-]{subsection.6.1.4}{\376\377\0006\000.\0001\000.\0004\000\040\000F\000i\000e\000l\000d\000\040\000D\000o\000c\000u\000m\000e\000n\000t\000a\000t\000i\000o\000n}{section.6.1}% 36
\BOOKMARK [3][-]{subsubsection.6.1.4.1}{\376\377\0006\000.\0001\000.\0004\000.\0001\000\040\000p\000a\000t\000e\000n\000t\000e}{subsection.6.1.4}% 37
\BOOKMARK [2][-]{subsection.6.1.5}{\376\377\0006\000.\0001\000.\0005\000\040\000P\000r\000o\000p\000e\000r\000t\000y\000\040\000D\000o\000c\000u\000m\000e\000n\000t\000a\000t\000i\000o\000n}{section.6.1}% 38
\BOOKMARK [3][-]{subsubsection.6.1.5.1}{\376\377\0006\000.\0001\000.\0005\000.\0001\000\040\000P\000a\000t\000e\000n\000t\000e}{subsection.6.1.5}% 39
\BOOKMARK [1][-]{section.6.2}{\376\377\0006\000.\0002\000\040\000B\000u\000s\000i\000n\000e\000s\000s\000O\000b\000j\000e\000c\000t\000s\000.\000B\000o\000m\000b\000e\000i\000r\000o\000B\000O\000\040\000C\000l\000a\000s\000s\000\040\000R\000e\000f\000e\000r\000e\000n\000c\000e}{chapter.6}% 40
\BOOKMARK [1][-]{section.6.3}{\376\377\0006\000.\0003\000\040\000D\000a\000d\000o\000s\000.\000E\000q\000u\000i\000p\000a\000B\000o\000m\000b\000e\000i\000r\000o\000s\000\040\000C\000l\000a\000s\000s\000\040\000R\000e\000f\000e\000r\000e\000n\000c\000e}{chapter.6}% 41
\BOOKMARK [2][-]{subsection.6.3.1}{\376\377\0006\000.\0003\000.\0001\000\040\000D\000e\000t\000a\000i\000l\000e\000d\000\040\000D\000e\000s\000c\000r\000i\000p\000t\000i\000o\000n}{section.6.3}% 42
\BOOKMARK [2][-]{subsection.6.3.2}{\376\377\0006\000.\0003\000.\0002\000\040\000C\000o\000n\000s\000t\000r\000u\000c\000t\000o\000r\000\040\000\046\000\040\000D\000e\000s\000t\000r\000u\000c\000t\000o\000r\000\040\000D\000o\000c\000u\000m\000e\000n\000t\000a\000t\000i\000o\000n}{section.6.3}% 43
\BOOKMARK [3][-]{subsubsection.6.3.2.1}{\376\377\0006\000.\0003\000.\0002\000.\0001\000\040\000E\000q\000u\000i\000p\000a\000B\000o\000m\000b\000e\000i\000r\000o\000s\000\050\000\051\000\040\000[\0001\000/\0002\000]}{subsection.6.3.2}% 44
\BOOKMARK [3][-]{subsubsection.6.3.2.2}{\376\377\0006\000.\0003\000.\0002\000.\0002\000\040\000E\000q\000u\000i\000p\000a\000B\000o\000m\000b\000e\000i\000r\000o\000s\000\050\000\051\000\040\000[\0002\000/\0002\000]}{subsection.6.3.2}% 45
\BOOKMARK [3][-]{subsubsection.6.3.2.3}{\376\377\0006\000.\0003\000.\0002\000.\0003\000\040\000~\000E\000q\000u\000i\000p\000a\000B\000o\000m\000b\000e\000i\000r\000o\000s\000\050\000\051}{subsection.6.3.2}% 46
\BOOKMARK [2][-]{subsection.6.3.3}{\376\377\0006\000.\0003\000.\0003\000\040\000M\000e\000m\000b\000e\000r\000\040\000F\000u\000n\000c\000t\000i\000o\000n\000\040\000D\000o\000c\000u\000m\000e\000n\000t\000a\000t\000i\000o\000n}{section.6.3}% 47
\BOOKMARK [3][-]{subsubsection.6.3.3.1}{\376\377\0006\000.\0003\000.\0003\000.\0001\000\040\000A\000d\000i\000c\000i\000o\000n\000a\000\050\000\051}{subsection.6.3.3}% 48
\BOOKMARK [3][-]{subsubsection.6.3.3.2}{\376\377\0006\000.\0003\000.\0003\000.\0002\000\040\000E\000x\000i\000s\000t\000e\000\050\000\051}{subsection.6.3.3}% 49
\BOOKMARK [3][-]{subsubsection.6.3.3.3}{\376\377\0006\000.\0003\000.\0003\000.\0003\000\040\000G\000e\000t\000B\000o\000m\000b\000e\000i\000r\000o\000\050\000\051}{subsection.6.3.3}% 50
\BOOKMARK [3][-]{subsubsection.6.3.3.4}{\376\377\0006\000.\0003\000.\0003\000.\0004\000\040\000R\000e\000m\000o\000v\000e\000\050\000\051}{subsection.6.3.3}% 51
\BOOKMARK [3][-]{subsubsection.6.3.3.5}{\376\377\0006\000.\0003\000.\0003\000.\0005\000\040\000T\000o\000S\000t\000r\000i\000n\000g\000\050\000\051}{subsection.6.3.3}% 52
\BOOKMARK [2][-]{subsection.6.3.4}{\376\377\0006\000.\0003\000.\0004\000\040\000F\000i\000e\000l\000d\000\040\000D\000o\000c\000u\000m\000e\000n\000t\000a\000t\000i\000o\000n}{section.6.3}% 53
\BOOKMARK [3][-]{subsubsection.6.3.4.1}{\376\377\0006\000.\0003\000.\0004\000.\0001\000\040\000e\000q\000u\000i\000p\000a}{subsection.6.3.4}% 54
\BOOKMARK [3][-]{subsubsection.6.3.4.2}{\376\377\0006\000.\0003\000.\0004\000.\0002\000\040\000n\000o\000m\000e}{subsection.6.3.4}% 55
\BOOKMARK [2][-]{subsection.6.3.5}{\376\377\0006\000.\0003\000.\0005\000\040\000P\000r\000o\000p\000e\000r\000t\000y\000\040\000D\000o\000c\000u\000m\000e\000n\000t\000a\000t\000i\000o\000n}{section.6.3}% 56
\BOOKMARK [3][-]{subsubsection.6.3.5.1}{\376\377\0006\000.\0003\000.\0005\000.\0001\000\040\000N\000o\000m\000e}{subsection.6.3.5}% 57
\BOOKMARK [1][-]{section.6.4}{\376\377\0006\000.\0004\000\040\000D\000a\000d\000o\000s\000.\000E\000q\000u\000i\000p\000a\000I\000N\000E\000M\000\040\000C\000l\000a\000s\000s\000\040\000R\000e\000f\000e\000r\000e\000n\000c\000e}{chapter.6}% 58
\BOOKMARK [2][-]{subsection.6.4.1}{\376\377\0006\000.\0004\000.\0001\000\040\000D\000e\000t\000a\000i\000l\000e\000d\000\040\000D\000e\000s\000c\000r\000i\000p\000t\000i\000o\000n}{section.6.4}% 59
\BOOKMARK [2][-]{subsection.6.4.2}{\376\377\0006\000.\0004\000.\0002\000\040\000C\000o\000n\000s\000t\000r\000u\000c\000t\000o\000r\000\040\000\046\000\040\000D\000e\000s\000t\000r\000u\000c\000t\000o\000r\000\040\000D\000o\000c\000u\000m\000e\000n\000t\000a\000t\000i\000o\000n}{section.6.4}% 60
\BOOKMARK [3][-]{subsubsection.6.4.2.1}{\376\377\0006\000.\0004\000.\0002\000.\0001\000\040\000E\000q\000u\000i\000p\000a\000I\000N\000E\000M\000\050\000\051\000\040\000[\0001\000/\0002\000]}{subsection.6.4.2}% 61
\BOOKMARK [3][-]{subsubsection.6.4.2.2}{\376\377\0006\000.\0004\000.\0002\000.\0002\000\040\000E\000q\000u\000i\000p\000a\000I\000N\000E\000M\000\050\000\051\000\040\000[\0002\000/\0002\000]}{subsection.6.4.2}% 62
\BOOKMARK [3][-]{subsubsection.6.4.2.3}{\376\377\0006\000.\0004\000.\0002\000.\0003\000\040\000~\000E\000q\000u\000i\000p\000a\000I\000N\000E\000M\000\050\000\051}{subsection.6.4.2}% 63
\BOOKMARK [2][-]{subsection.6.4.3}{\376\377\0006\000.\0004\000.\0003\000\040\000M\000e\000m\000b\000e\000r\000\040\000F\000u\000n\000c\000t\000i\000o\000n\000\040\000D\000o\000c\000u\000m\000e\000n\000t\000a\000t\000i\000o\000n}{section.6.4}% 64
\BOOKMARK [3][-]{subsubsection.6.4.3.1}{\376\377\0006\000.\0004\000.\0003\000.\0001\000\040\000A\000d\000i\000c\000i\000o\000n\000a\000\050\000\051}{subsection.6.4.3}% 65
\BOOKMARK [3][-]{subsubsection.6.4.3.2}{\376\377\0006\000.\0004\000.\0003\000.\0002\000\040\000E\000x\000i\000s\000t\000e\000\050\000\051}{subsection.6.4.3}% 66
\BOOKMARK [3][-]{subsubsection.6.4.3.3}{\376\377\0006\000.\0004\000.\0003\000.\0003\000\040\000G\000e\000t\000M\000e\000m\000b\000r\000o\000\050\000\051}{subsection.6.4.3}% 67
\BOOKMARK [3][-]{subsubsection.6.4.3.4}{\376\377\0006\000.\0004\000.\0003\000.\0004\000\040\000R\000e\000m\000o\000v\000e\000\050\000\051}{subsection.6.4.3}% 68
\BOOKMARK [3][-]{subsubsection.6.4.3.5}{\376\377\0006\000.\0004\000.\0003\000.\0005\000\040\000T\000o\000S\000t\000r\000i\000n\000g\000\050\000\051}{subsection.6.4.3}% 69
\BOOKMARK [2][-]{subsection.6.4.4}{\376\377\0006\000.\0004\000.\0004\000\040\000F\000i\000e\000l\000d\000\040\000D\000o\000c\000u\000m\000e\000n\000t\000a\000t\000i\000o\000n}{section.6.4}% 70
\BOOKMARK [3][-]{subsubsection.6.4.4.1}{\376\377\0006\000.\0004\000.\0004\000.\0001\000\040\000e\000q\000u\000i\000p\000a}{subsection.6.4.4}% 71
\BOOKMARK [3][-]{subsubsection.6.4.4.2}{\376\377\0006\000.\0004\000.\0004\000.\0002\000\040\000n\000o\000m\000e}{subsection.6.4.4}% 72
\BOOKMARK [2][-]{subsection.6.4.5}{\376\377\0006\000.\0004\000.\0005\000\040\000P\000r\000o\000p\000e\000r\000t\000y\000\040\000D\000o\000c\000u\000m\000e\000n\000t\000a\000t\000i\000o\000n}{section.6.4}% 73
\BOOKMARK [3][-]{subsubsection.6.4.5.1}{\376\377\0006\000.\0004\000.\0005\000.\0001\000\040\000N\000o\000m\000e}{subsection.6.4.5}% 74
\BOOKMARK [1][-]{section.6.5}{\376\377\0006\000.\0005\000\040\000D\000a\000d\000o\000s\000.\000E\000q\000u\000i\000p\000a\000m\000e\000n\000t\000o\000\040\000C\000l\000a\000s\000s\000\040\000R\000e\000f\000e\000r\000e\000n\000c\000e}{chapter.6}% 75
\BOOKMARK [2][-]{subsection.6.5.1}{\376\377\0006\000.\0005\000.\0001\000\040\000D\000e\000t\000a\000i\000l\000e\000d\000\040\000D\000e\000s\000c\000r\000i\000p\000t\000i\000o\000n}{section.6.5}% 76
\BOOKMARK [2][-]{subsection.6.5.2}{\376\377\0006\000.\0005\000.\0002\000\040\000C\000o\000n\000s\000t\000r\000u\000c\000t\000o\000r\000\040\000\046\000\040\000D\000e\000s\000t\000r\000u\000c\000t\000o\000r\000\040\000D\000o\000c\000u\000m\000e\000n\000t\000a\000t\000i\000o\000n}{section.6.5}% 77
\BOOKMARK [3][-]{subsubsection.6.5.2.1}{\376\377\0006\000.\0005\000.\0002\000.\0001\000\040\000E\000q\000u\000i\000p\000a\000m\000e\000n\000t\000o\000\050\000\051\000\040\000[\0001\000/\0002\000]}{subsection.6.5.2}% 78
\BOOKMARK [3][-]{subsubsection.6.5.2.2}{\376\377\0006\000.\0005\000.\0002\000.\0002\000\040\000E\000q\000u\000i\000p\000a\000m\000e\000n\000t\000o\000\050\000\051\000\040\000[\0002\000/\0002\000]}{subsection.6.5.2}% 79
\BOOKMARK [3][-]{subsubsection.6.5.2.3}{\376\377\0006\000.\0005\000.\0002\000.\0003\000\040\000~\000E\000q\000u\000i\000p\000a\000m\000e\000n\000t\000o\000\050\000\051}{subsection.6.5.2}% 80
\BOOKMARK [2][-]{subsection.6.5.3}{\376\377\0006\000.\0005\000.\0003\000\040\000M\000e\000m\000b\000e\000r\000\040\000F\000u\000n\000c\000t\000i\000o\000n\000\040\000D\000o\000c\000u\000m\000e\000n\000t\000a\000t\000i\000o\000n}{section.6.5}% 81
\BOOKMARK [3][-]{subsubsection.6.5.3.1}{\376\377\0006\000.\0005\000.\0003\000.\0001\000\040\000T\000o\000S\000t\000r\000i\000n\000g\000\050\000\051}{subsection.6.5.3}% 82
\BOOKMARK [2][-]{subsection.6.5.4}{\376\377\0006\000.\0005\000.\0004\000\040\000F\000i\000e\000l\000d\000\040\000D\000o\000c\000u\000m\000e\000n\000t\000a\000t\000i\000o\000n}{section.6.5}% 83
\BOOKMARK [3][-]{subsubsection.6.5.4.1}{\376\377\0006\000.\0005\000.\0004\000.\0001\000\040\000e\000n\000t\000i\000d\000a\000d\000e}{subsection.6.5.4}% 84
\BOOKMARK [3][-]{subsubsection.6.5.4.2}{\376\377\0006\000.\0005\000.\0004\000.\0002\000\040\000e\000s\000t\000a\000d\000o}{subsection.6.5.4}% 85
\BOOKMARK [3][-]{subsubsection.6.5.4.3}{\376\377\0006\000.\0005\000.\0004\000.\0003\000\040\000i\000d}{subsection.6.5.4}% 86
\BOOKMARK [3][-]{subsubsection.6.5.4.4}{\376\377\0006\000.\0005\000.\0004\000.\0004\000\040\000i\000d\000C\000o\000u\000n\000t\000e\000r}{subsection.6.5.4}% 87
\BOOKMARK [3][-]{subsubsection.6.5.4.5}{\376\377\0006\000.\0005\000.\0004\000.\0005\000\040\000n\000o\000m\000e}{subsection.6.5.4}% 88
\BOOKMARK [2][-]{subsection.6.5.5}{\376\377\0006\000.\0005\000.\0005\000\040\000P\000r\000o\000p\000e\000r\000t\000y\000\040\000D\000o\000c\000u\000m\000e\000n\000t\000a\000t\000i\000o\000n}{section.6.5}% 89
\BOOKMARK [3][-]{subsubsection.6.5.5.1}{\376\377\0006\000.\0005\000.\0005\000.\0001\000\040\000E\000n\000t\000i\000d\000a\000d\000e}{subsection.6.5.5}% 90
\BOOKMARK [3][-]{subsubsection.6.5.5.2}{\376\377\0006\000.\0005\000.\0005\000.\0002\000\040\000E\000s\000t\000a\000d\000o}{subsection.6.5.5}% 91
\BOOKMARK [3][-]{subsubsection.6.5.5.3}{\376\377\0006\000.\0005\000.\0005\000.\0003\000\040\000I\000d}{subsection.6.5.5}% 92
\BOOKMARK [3][-]{subsubsection.6.5.5.4}{\376\377\0006\000.\0005\000.\0005\000.\0004\000\040\000N\000o\000m\000e}{subsection.6.5.5}% 93
\BOOKMARK [1][-]{section.6.6}{\376\377\0006\000.\0006\000\040\000D\000a\000d\000o\000s\000.\000E\000q\000u\000i\000p\000a\000m\000e\000n\000t\000o\000s\000\040\000C\000l\000a\000s\000s\000\040\000R\000e\000f\000e\000r\000e\000n\000c\000e}{chapter.6}% 94
\BOOKMARK [2][-]{subsection.6.6.1}{\376\377\0006\000.\0006\000.\0001\000\040\000D\000e\000t\000a\000i\000l\000e\000d\000\040\000D\000e\000s\000c\000r\000i\000p\000t\000i\000o\000n}{section.6.6}% 95
\BOOKMARK [2][-]{subsection.6.6.2}{\376\377\0006\000.\0006\000.\0002\000\040\000C\000o\000n\000s\000t\000r\000u\000c\000t\000o\000r\000\040\000\046\000\040\000D\000e\000s\000t\000r\000u\000c\000t\000o\000r\000\040\000D\000o\000c\000u\000m\000e\000n\000t\000a\000t\000i\000o\000n}{section.6.6}% 96
\BOOKMARK [3][-]{subsubsection.6.6.2.1}{\376\377\0006\000.\0006\000.\0002\000.\0001\000\040\000E\000q\000u\000i\000p\000a\000m\000e\000n\000t\000o\000s\000\050\000\051}{subsection.6.6.2}% 97
\BOOKMARK [3][-]{subsubsection.6.6.2.2}{\376\377\0006\000.\0006\000.\0002\000.\0002\000\040\000~\000E\000q\000u\000i\000p\000a\000m\000e\000n\000t\000o\000s\000\050\000\051}{subsection.6.6.2}% 98
\BOOKMARK [2][-]{subsection.6.6.3}{\376\377\0006\000.\0006\000.\0003\000\040\000M\000e\000m\000b\000e\000r\000\040\000F\000u\000n\000c\000t\000i\000o\000n\000\040\000D\000o\000c\000u\000m\000e\000n\000t\000a\000t\000i\000o\000n}{section.6.6}% 99
\BOOKMARK [3][-]{subsubsection.6.6.3.1}{\376\377\0006\000.\0006\000.\0003\000.\0001\000\040\000A\000d\000i\000c\000i\000o\000n\000a\000\050\000\051}{subsection.6.6.3}% 100
\BOOKMARK [3][-]{subsubsection.6.6.3.2}{\376\377\0006\000.\0006\000.\0003\000.\0002\000\040\000E\000x\000i\000s\000t\000e\000\050\000\051}{subsection.6.6.3}% 101
\BOOKMARK [3][-]{subsubsection.6.6.3.3}{\376\377\0006\000.\0006\000.\0003\000.\0003\000\040\000R\000e\000m\000o\000v\000e\000\050\000\051}{subsection.6.6.3}% 102
\BOOKMARK [3][-]{subsubsection.6.6.3.4}{\376\377\0006\000.\0006\000.\0003\000.\0004\000\040\000T\000o\000S\000t\000r\000i\000n\000g\000\050\000\051}{subsection.6.6.3}% 103
\BOOKMARK [2][-]{subsection.6.6.4}{\376\377\0006\000.\0006\000.\0004\000\040\000F\000i\000e\000l\000d\000\040\000D\000o\000c\000u\000m\000e\000n\000t\000a\000t\000i\000o\000n}{section.6.6}% 104
\BOOKMARK [3][-]{subsubsection.6.6.4.1}{\376\377\0006\000.\0006\000.\0004\000.\0001\000\040\000e\000q\000u\000i\000p\000a\000m\000e\000n\000t\000o\000s}{subsection.6.6.4}% 105
\BOOKMARK [1][-]{section.6.7}{\376\377\0006\000.\0007\000\040\000R\000e\000g\000r\000a\000s\000.\000G\000e\000r\000e\000I\000n\000s\000t\000i\000t\000u\000i\000c\000a\000o\000\040\000C\000l\000a\000s\000s\000\040\000R\000e\000f\000e\000r\000e\000n\000c\000e}{chapter.6}% 106
\BOOKMARK [2][-]{subsection.6.7.1}{\376\377\0006\000.\0007\000.\0001\000\040\000D\000e\000t\000a\000i\000l\000e\000d\000\040\000D\000e\000s\000c\000r\000i\000p\000t\000i\000o\000n}{section.6.7}% 107
\BOOKMARK [2][-]{subsection.6.7.2}{\376\377\0006\000.\0007\000.\0002\000\040\000C\000o\000n\000s\000t\000r\000u\000c\000t\000o\000r\000\040\000\046\000\040\000D\000e\000s\000t\000r\000u\000c\000t\000o\000r\000\040\000D\000o\000c\000u\000m\000e\000n\000t\000a\000t\000i\000o\000n}{section.6.7}% 108
\BOOKMARK [3][-]{subsubsection.6.7.2.1}{\376\377\0006\000.\0007\000.\0002\000.\0001\000\040\000G\000e\000r\000e\000I\000n\000s\000t\000i\000t\000u\000i\000c\000a\000o\000\050\000\051\000\040\000[\0001\000/\0002\000]}{subsection.6.7.2}% 109
\BOOKMARK [3][-]{subsubsection.6.7.2.2}{\376\377\0006\000.\0007\000.\0002\000.\0002\000\040\000G\000e\000r\000e\000I\000n\000s\000t\000i\000t\000u\000i\000c\000a\000o\000\050\000\051\000\040\000[\0002\000/\0002\000]}{subsection.6.7.2}% 110
\BOOKMARK [2][-]{subsection.6.7.3}{\376\377\0006\000.\0007\000.\0003\000\040\000M\000e\000m\000b\000e\000r\000\040\000F\000u\000n\000c\000t\000i\000o\000n\000\040\000D\000o\000c\000u\000m\000e\000n\000t\000a\000t\000i\000o\000n}{section.6.7}% 111
\BOOKMARK [3][-]{subsubsection.6.7.3.1}{\376\377\0006\000.\0007\000.\0003\000.\0001\000\040\000C\000r\000i\000a\000B\000o\000m\000b\000e\000i\000r\000o\000C\000o\000m\000p\000l\000e\000t\000o\000\050\000\051}{subsection.6.7.3}% 112
\BOOKMARK [3][-]{subsubsection.6.7.3.2}{\376\377\0006\000.\0007\000.\0003\000.\0002\000\040\000C\000r\000i\000a\000B\000o\000m\000b\000e\000i\000r\000o\000S\000i\000m\000p\000l\000e\000s\000\050\000\051}{subsection.6.7.3}% 113
\BOOKMARK [3][-]{subsubsection.6.7.3.3}{\376\377\0006\000.\0007\000.\0003\000.\0003\000\040\000C\000r\000i\000a\000E\000q\000u\000i\000p\000a\000m\000e\000n\000t\000o\000\050\000\051}{subsection.6.7.3}% 114
\BOOKMARK [3][-]{subsubsection.6.7.3.4}{\376\377\0006\000.\0007\000.\0003\000.\0004\000\040\000C\000r\000i\000a\000M\000e\000m\000b\000r\000o\000I\000N\000E\000M\000C\000o\000m\000p\000l\000e\000t\000o\000\050\000\051}{subsection.6.7.3}% 115
\BOOKMARK [3][-]{subsubsection.6.7.3.5}{\376\377\0006\000.\0007\000.\0003\000.\0005\000\040\000C\000r\000i\000a\000M\000e\000m\000b\000r\000o\000I\000N\000E\000M\000S\000i\000m\000p\000l\000e\000s\000\050\000\051}{subsection.6.7.3}% 116
\BOOKMARK [3][-]{subsubsection.6.7.3.6}{\376\377\0006\000.\0007\000.\0003\000.\0006\000\040\000C\000r\000i\000a\000O\000c\000o\000r\000r\000e\000n\000c\000i\000a\000C\000o\000m\000p\000l\000e\000t\000a\000\050\000\051}{subsection.6.7.3}% 117
\BOOKMARK [3][-]{subsubsection.6.7.3.7}{\376\377\0006\000.\0007\000.\0003\000.\0007\000\040\000C\000r\000i\000a\000O\000c\000o\000r\000r\000e\000n\000c\000i\000a\000S\000i\000m\000p\000l\000e\000s\000\050\000\051}{subsection.6.7.3}% 118
\BOOKMARK [3][-]{subsubsection.6.7.3.8}{\376\377\0006\000.\0007\000.\0003\000.\0008\000\040\000E\000x\000i\000s\000t\000e\000B\000o\000m\000b\000e\000i\000r\000o\000\050\000\051}{subsection.6.7.3}% 119
\BOOKMARK [3][-]{subsubsection.6.7.3.9}{\376\377\0006\000.\0007\000.\0003\000.\0009\000\040\000E\000x\000i\000s\000t\000e\000E\000q\000u\000i\000p\000a\000m\000e\000n\000t\000o\000\050\000\051}{subsection.6.7.3}% 120
\BOOKMARK [3][-]{subsubsection.6.7.3.10}{\376\377\0006\000.\0007\000.\0003\000.\0001\0000\000\040\000E\000x\000i\000s\000t\000e\000M\000e\000m\000b\000r\000o\000I\000N\000E\000M\000\050\000\051}{subsection.6.7.3}% 121
\BOOKMARK [3][-]{subsubsection.6.7.3.11}{\376\377\0006\000.\0007\000.\0003\000.\0001\0001\000\040\000E\000x\000i\000s\000t\000e\000O\000c\000o\000r\000r\000e\000n\000c\000i\000a\000\050\000\051}{subsection.6.7.3}% 122
\BOOKMARK [3][-]{subsubsection.6.7.3.12}{\376\377\0006\000.\0007\000.\0003\000.\0001\0002\000\040\000G\000e\000t\000B\000o\000m\000b\000e\000i\000r\000o\000\050\000\051}{subsection.6.7.3}% 123
\BOOKMARK [3][-]{subsubsection.6.7.3.13}{\376\377\0006\000.\0007\000.\0003\000.\0001\0003\000\040\000G\000e\000t\000M\000e\000m\000b\000r\000o\000I\000N\000E\000M\000\050\000\051}{subsection.6.7.3}% 124
\BOOKMARK [3][-]{subsubsection.6.7.3.14}{\376\377\0006\000.\0007\000.\0003\000.\0001\0004\000\040\000G\000r\000a\000v\000a\000I\000n\000s\000t\000i\000t\000u\000i\000c\000a\000o\000\050\000\051}{subsection.6.7.3}% 125
\BOOKMARK [3][-]{subsubsection.6.7.3.15}{\376\377\0006\000.\0007\000.\0003\000.\0001\0005\000\040\000R\000e\000m\000o\000v\000e\000B\000o\000m\000b\000e\000i\000r\000o\000\050\000\051}{subsection.6.7.3}% 126
\BOOKMARK [3][-]{subsubsection.6.7.3.16}{\376\377\0006\000.\0007\000.\0003\000.\0001\0006\000\040\000R\000e\000m\000o\000v\000e\000E\000q\000u\000i\000p\000a\000m\000e\000n\000t\000o\000\050\000\051}{subsection.6.7.3}% 127
\BOOKMARK [3][-]{subsubsection.6.7.3.17}{\376\377\0006\000.\0007\000.\0003\000.\0001\0007\000\040\000R\000e\000m\000o\000v\000e\000M\000e\000m\000b\000r\000o\000I\000N\000E\000M\000\050\000\051}{subsection.6.7.3}% 128
\BOOKMARK [3][-]{subsubsection.6.7.3.18}{\376\377\0006\000.\0007\000.\0003\000.\0001\0008\000\040\000R\000e\000m\000o\000v\000e\000O\000c\000o\000r\000r\000e\000n\000c\000i\000a\000\050\000\051}{subsection.6.7.3}% 129
\BOOKMARK [2][-]{subsection.6.7.4}{\376\377\0006\000.\0007\000.\0004\000\040\000F\000i\000e\000l\000d\000\040\000D\000o\000c\000u\000m\000e\000n\000t\000a\000t\000i\000o\000n}{section.6.7}% 130
\BOOKMARK [3][-]{subsubsection.6.7.4.1}{\376\377\0006\000.\0007\000.\0004\000.\0001\000\040\000i\000n\000s\000t\000i\000t\000u\000i\000c\000a\000o}{subsection.6.7.4}% 131
\BOOKMARK [1][-]{section.6.8}{\376\377\0006\000.\0008\000\040\000D\000a\000d\000o\000s\000.\000I\000n\000s\000t\000i\000t\000u\000i\000c\000a\000o\000\040\000C\000l\000a\000s\000s\000\040\000R\000e\000f\000e\000r\000e\000n\000c\000e}{chapter.6}% 132
\BOOKMARK [2][-]{subsection.6.8.1}{\376\377\0006\000.\0008\000.\0001\000\040\000D\000e\000t\000a\000i\000l\000e\000d\000\040\000D\000e\000s\000c\000r\000i\000p\000t\000i\000o\000n}{section.6.8}% 133
\BOOKMARK [2][-]{subsection.6.8.2}{\376\377\0006\000.\0008\000.\0002\000\040\000C\000o\000n\000s\000t\000r\000u\000c\000t\000o\000r\000\040\000\046\000\040\000D\000e\000s\000t\000r\000u\000c\000t\000o\000r\000\040\000D\000o\000c\000u\000m\000e\000n\000t\000a\000t\000i\000o\000n}{section.6.8}% 134
\BOOKMARK [3][-]{subsubsection.6.8.2.1}{\376\377\0006\000.\0008\000.\0002\000.\0001\000\040\000I\000n\000s\000t\000i\000t\000u\000i\000c\000a\000o\000\050\000\051\000\040\000[\0001\000/\0002\000]}{subsection.6.8.2}% 135
\BOOKMARK [3][-]{subsubsection.6.8.2.2}{\376\377\0006\000.\0008\000.\0002\000.\0002\000\040\000I\000n\000s\000t\000i\000t\000u\000i\000c\000a\000o\000\050\000\051\000\040\000[\0002\000/\0002\000]}{subsection.6.8.2}% 136
\BOOKMARK [3][-]{subsubsection.6.8.2.3}{\376\377\0006\000.\0008\000.\0002\000.\0003\000\040\000~\000I\000n\000s\000t\000i\000t\000u\000i\000c\000a\000o\000\050\000\051}{subsection.6.8.2}% 137
\BOOKMARK [2][-]{subsection.6.8.3}{\376\377\0006\000.\0008\000.\0003\000\040\000M\000e\000m\000b\000e\000r\000\040\000F\000u\000n\000c\000t\000i\000o\000n\000\040\000D\000o\000c\000u\000m\000e\000n\000t\000a\000t\000i\000o\000n}{section.6.8}% 138
\BOOKMARK [3][-]{subsubsection.6.8.3.1}{\376\377\0006\000.\0008\000.\0003\000.\0001\000\040\000C\000r\000i\000a\000B\000o\000m\000b\000e\000i\000r\000o\000I\000n\000s\000t\000C\000o\000m\000p\000l\000e\000t\000o\000\050\000\051}{subsection.6.8.3}% 139
\BOOKMARK [3][-]{subsubsection.6.8.3.2}{\376\377\0006\000.\0008\000.\0003\000.\0002\000\040\000C\000r\000i\000a\000B\000o\000m\000b\000e\000i\000r\000o\000I\000n\000s\000t\000S\000i\000m\000p\000l\000e\000s\000\050\000\051}{subsection.6.8.3}% 140
\BOOKMARK [3][-]{subsubsection.6.8.3.3}{\376\377\0006\000.\0008\000.\0003\000.\0003\000\040\000C\000r\000i\000a\000E\000q\000u\000i\000p\000a\000m\000e\000n\000t\000o\000I\000n\000s\000t\000\050\000\051}{subsection.6.8.3}% 141
\BOOKMARK [3][-]{subsubsection.6.8.3.4}{\376\377\0006\000.\0008\000.\0003\000.\0004\000\040\000C\000r\000i\000a\000M\000e\000m\000b\000r\000o\000I\000N\000E\000M\000I\000n\000s\000t\000C\000o\000m\000p\000l\000e\000t\000o\000\050\000\051}{subsection.6.8.3}% 142
\BOOKMARK [3][-]{subsubsection.6.8.3.5}{\376\377\0006\000.\0008\000.\0003\000.\0005\000\040\000C\000r\000i\000a\000M\000e\000m\000b\000r\000o\000I\000N\000E\000M\000I\000n\000s\000t\000S\000i\000m\000p\000l\000e\000s\000\050\000\051}{subsection.6.8.3}% 143
\BOOKMARK [3][-]{subsubsection.6.8.3.6}{\376\377\0006\000.\0008\000.\0003\000.\0006\000\040\000C\000r\000i\000a\000O\000c\000o\000r\000r\000e\000n\000c\000i\000a\000I\000n\000s\000t\000C\000o\000m\000p\000l\000e\000t\000a\000\050\000\051}{subsection.6.8.3}% 144
\BOOKMARK [3][-]{subsubsection.6.8.3.7}{\376\377\0006\000.\0008\000.\0003\000.\0007\000\040\000C\000r\000i\000a\000O\000c\000o\000r\000r\000e\000n\000c\000i\000a\000I\000n\000s\000t\000S\000i\000m\000p\000l\000e\000s\000\050\000\051}{subsection.6.8.3}% 145
\BOOKMARK [3][-]{subsubsection.6.8.3.8}{\376\377\0006\000.\0008\000.\0003\000.\0008\000\040\000E\000x\000i\000s\000t\000e\000B\000o\000m\000b\000e\000i\000r\000o\000I\000n\000s\000t\000\050\000\051}{subsection.6.8.3}% 146
\BOOKMARK [3][-]{subsubsection.6.8.3.9}{\376\377\0006\000.\0008\000.\0003\000.\0009\000\040\000E\000x\000i\000s\000t\000e\000E\000q\000u\000i\000p\000a\000m\000e\000n\000t\000o\000I\000n\000s\000t\000\050\000\051}{subsection.6.8.3}% 147
\BOOKMARK [3][-]{subsubsection.6.8.3.10}{\376\377\0006\000.\0008\000.\0003\000.\0001\0000\000\040\000E\000x\000i\000s\000t\000e\000M\000e\000m\000b\000r\000o\000I\000N\000E\000M\000I\000n\000s\000t\000\050\000\051}{subsection.6.8.3}% 148
\BOOKMARK [3][-]{subsubsection.6.8.3.11}{\376\377\0006\000.\0008\000.\0003\000.\0001\0001\000\040\000E\000x\000i\000s\000t\000e\000O\000c\000o\000r\000r\000e\000n\000c\000i\000a\000I\000n\000s\000t\000\050\000\051}{subsection.6.8.3}% 149
\BOOKMARK [3][-]{subsubsection.6.8.3.12}{\376\377\0006\000.\0008\000.\0003\000.\0001\0002\000\040\000G\000e\000t\000B\000o\000m\000b\000e\000i\000r\000o\000I\000n\000s\000t\000\050\000\051}{subsection.6.8.3}% 150
\BOOKMARK [3][-]{subsubsection.6.8.3.13}{\376\377\0006\000.\0008\000.\0003\000.\0001\0003\000\040\000G\000e\000t\000M\000e\000m\000b\000r\000o\000I\000N\000E\000M\000I\000n\000s\000t\000\050\000\051}{subsection.6.8.3}% 151
\BOOKMARK [3][-]{subsubsection.6.8.3.14}{\376\377\0006\000.\0008\000.\0003\000.\0001\0004\000\040\000G\000u\000a\000r\000d\000a\000I\000n\000s\000t\000i\000t\000u\000i\000c\000a\000o\000\050\000\051}{subsection.6.8.3}% 152
\BOOKMARK [3][-]{subsubsection.6.8.3.15}{\376\377\0006\000.\0008\000.\0003\000.\0001\0005\000\040\000L\000e\000r\000I\000n\000s\000t\000i\000t\000u\000i\000c\000a\000o\000\050\000\051}{subsection.6.8.3}% 153
\BOOKMARK [3][-]{subsubsection.6.8.3.16}{\376\377\0006\000.\0008\000.\0003\000.\0001\0006\000\040\000R\000e\000m\000o\000v\000e\000B\000o\000m\000b\000e\000i\000r\000o\000I\000n\000s\000t\000\050\000\051}{subsection.6.8.3}% 154
\BOOKMARK [3][-]{subsubsection.6.8.3.17}{\376\377\0006\000.\0008\000.\0003\000.\0001\0007\000\040\000R\000e\000m\000o\000v\000e\000E\000q\000u\000i\000p\000a\000m\000e\000n\000t\000o\000I\000n\000s\000t\000\050\000\051}{subsection.6.8.3}% 155
\BOOKMARK [3][-]{subsubsection.6.8.3.18}{\376\377\0006\000.\0008\000.\0003\000.\0001\0008\000\040\000R\000e\000m\000o\000v\000e\000M\000e\000m\000b\000r\000o\000I\000N\000E\000M\000I\000n\000s\000t\000\050\000\051}{subsection.6.8.3}% 156
\BOOKMARK [3][-]{subsubsection.6.8.3.19}{\376\377\0006\000.\0008\000.\0003\000.\0001\0009\000\040\000R\000e\000m\000o\000v\000e\000O\000c\000o\000r\000r\000e\000n\000c\000i\000a\000I\000n\000s\000t\000\050\000\051}{subsection.6.8.3}% 157
\BOOKMARK [2][-]{subsection.6.8.4}{\376\377\0006\000.\0008\000.\0004\000\040\000F\000i\000e\000l\000d\000\040\000D\000o\000c\000u\000m\000e\000n\000t\000a\000t\000i\000o\000n}{section.6.8}% 158
\BOOKMARK [3][-]{subsubsection.6.8.4.1}{\376\377\0006\000.\0008\000.\0004\000.\0001\000\040\000e\000q\000u\000i\000p\000a\000B\000o\000m\000b\000e\000i\000r\000o\000s}{subsection.6.8.4}% 159
\BOOKMARK [3][-]{subsubsection.6.8.4.2}{\376\377\0006\000.\0008\000.\0004\000.\0002\000\040\000e\000q\000u\000i\000p\000a\000I\000N\000E\000M}{subsection.6.8.4}% 160
\BOOKMARK [3][-]{subsubsection.6.8.4.3}{\376\377\0006\000.\0008\000.\0004\000.\0003\000\040\000e\000q\000u\000i\000p\000a\000m\000e\000n\000t\000o\000s}{subsection.6.8.4}% 161
\BOOKMARK [3][-]{subsubsection.6.8.4.4}{\376\377\0006\000.\0008\000.\0004\000.\0004\000\040\000n\000o\000m\000e}{subsection.6.8.4}% 162
\BOOKMARK [3][-]{subsubsection.6.8.4.5}{\376\377\0006\000.\0008\000.\0004\000.\0005\000\040\000o\000c\000o\000r\000r\000e\000n\000c\000i\000a\000s}{subsection.6.8.4}% 163
\BOOKMARK [2][-]{subsection.6.8.5}{\376\377\0006\000.\0008\000.\0005\000\040\000P\000r\000o\000p\000e\000r\000t\000y\000\040\000D\000o\000c\000u\000m\000e\000n\000t\000a\000t\000i\000o\000n}{section.6.8}% 164
\BOOKMARK [3][-]{subsubsection.6.8.5.1}{\376\377\0006\000.\0008\000.\0005\000.\0001\000\040\000E\000q\000u\000i\000p\000a\000B\000o\000m\000b\000e\000i\000r\000o\000s}{subsection.6.8.5}% 165
\BOOKMARK [3][-]{subsubsection.6.8.5.2}{\376\377\0006\000.\0008\000.\0005\000.\0002\000\040\000E\000q\000u\000i\000p\000a\000I\000N\000E\000M}{subsection.6.8.5}% 166
\BOOKMARK [3][-]{subsubsection.6.8.5.3}{\376\377\0006\000.\0008\000.\0005\000.\0003\000\040\000E\000q\000u\000i\000p\000a\000m\000e\000n\000t\000o\000s}{subsection.6.8.5}% 167
\BOOKMARK [3][-]{subsubsection.6.8.5.4}{\376\377\0006\000.\0008\000.\0005\000.\0004\000\040\000N\000o\000m\000e}{subsection.6.8.5}% 168
\BOOKMARK [3][-]{subsubsection.6.8.5.5}{\376\377\0006\000.\0008\000.\0005\000.\0005\000\040\000O\000c\000o\000r\000r\000e\000n\000c\000i\000a\000s}{subsection.6.8.5}% 169
\BOOKMARK [1][-]{section.6.9}{\376\377\0006\000.\0009\000\040\000D\000a\000d\000o\000s\000.\000M\000e\000m\000b\000r\000o\000I\000N\000E\000M\000\040\000C\000l\000a\000s\000s\000\040\000R\000e\000f\000e\000r\000e\000n\000c\000e}{chapter.6}% 170
\BOOKMARK [2][-]{subsection.6.9.1}{\376\377\0006\000.\0009\000.\0001\000\040\000D\000e\000t\000a\000i\000l\000e\000d\000\040\000D\000e\000s\000c\000r\000i\000p\000t\000i\000o\000n}{section.6.9}% 171
\BOOKMARK [2][-]{subsection.6.9.2}{\376\377\0006\000.\0009\000.\0002\000\040\000C\000o\000n\000s\000t\000r\000u\000c\000t\000o\000r\000\040\000\046\000\040\000D\000e\000s\000t\000r\000u\000c\000t\000o\000r\000\040\000D\000o\000c\000u\000m\000e\000n\000t\000a\000t\000i\000o\000n}{section.6.9}% 172
\BOOKMARK [3][-]{subsubsection.6.9.2.1}{\376\377\0006\000.\0009\000.\0002\000.\0001\000\040\000M\000e\000m\000b\000r\000o\000I\000N\000E\000M\000\050\000\051\000\040\000[\0001\000/\0004\000]}{subsection.6.9.2}% 173
\BOOKMARK [3][-]{subsubsection.6.9.2.2}{\376\377\0006\000.\0009\000.\0002\000.\0002\000\040\000M\000e\000m\000b\000r\000o\000I\000N\000E\000M\000\050\000\051\000\040\000[\0002\000/\0004\000]}{subsection.6.9.2}% 174
\BOOKMARK [3][-]{subsubsection.6.9.2.3}{\376\377\0006\000.\0009\000.\0002\000.\0003\000\040\000M\000e\000m\000b\000r\000o\000I\000N\000E\000M\000\050\000\051\000\040\000[\0003\000/\0004\000]}{subsection.6.9.2}% 175
\BOOKMARK [3][-]{subsubsection.6.9.2.4}{\376\377\0006\000.\0009\000.\0002\000.\0004\000\040\000M\000e\000m\000b\000r\000o\000I\000N\000E\000M\000\050\000\051\000\040\000[\0004\000/\0004\000]}{subsection.6.9.2}% 176
\BOOKMARK [3][-]{subsubsection.6.9.2.5}{\376\377\0006\000.\0009\000.\0002\000.\0005\000\040\000~\000M\000e\000m\000b\000r\000o\000I\000N\000E\000M\000\050\000\051}{subsection.6.9.2}% 177
\BOOKMARK [2][-]{subsection.6.9.3}{\376\377\0006\000.\0009\000.\0003\000\040\000M\000e\000m\000b\000e\000r\000\040\000F\000u\000n\000c\000t\000i\000o\000n\000\040\000D\000o\000c\000u\000m\000e\000n\000t\000a\000t\000i\000o\000n}{section.6.9}% 178
\BOOKMARK [3][-]{subsubsection.6.9.3.1}{\376\377\0006\000.\0009\000.\0003\000.\0001\000\040\000T\000o\000S\000t\000r\000i\000n\000g\000\050\000\051}{subsection.6.9.3}% 179
\BOOKMARK [2][-]{subsection.6.9.4}{\376\377\0006\000.\0009\000.\0004\000\040\000F\000i\000e\000l\000d\000\040\000D\000o\000c\000u\000m\000e\000n\000t\000a\000t\000i\000o\000n}{section.6.9}% 180
\BOOKMARK [3][-]{subsubsection.6.9.4.1}{\376\377\0006\000.\0009\000.\0004\000.\0001\000\040\000e\000s\000p\000e\000c\000i\000a\000l\000i\000d\000a\000d\000e}{subsection.6.9.4}% 181
\BOOKMARK [2][-]{subsection.6.9.5}{\376\377\0006\000.\0009\000.\0005\000\040\000P\000r\000o\000p\000e\000r\000t\000y\000\040\000D\000o\000c\000u\000m\000e\000n\000t\000a\000t\000i\000o\000n}{section.6.9}% 182
\BOOKMARK [3][-]{subsubsection.6.9.5.1}{\376\377\0006\000.\0009\000.\0005\000.\0001\000\040\000E\000s\000p\000e\000c\000i\000a\000l\000i\000d\000a\000d\000e}{subsection.6.9.5}% 183
\BOOKMARK [1][-]{section.6.10}{\376\377\0006\000.\0001\0000\000\040\000B\000u\000s\000i\000n\000e\000s\000s\000O\000b\000j\000e\000c\000t\000s\000.\000M\000e\000m\000b\000r\000o\000I\000N\000E\000M\000B\000O\000\040\000C\000l\000a\000s\000s\000\040\000R\000e\000f\000e\000r\000e\000n\000c\000e}{chapter.6}% 184
\BOOKMARK [2][-]{subsection.6.10.1}{\376\377\0006\000.\0001\0000\000.\0001\000\040\000D\000e\000t\000a\000i\000l\000e\000d\000\040\000D\000e\000s\000c\000r\000i\000p\000t\000i\000o\000n}{section.6.10}% 185
\BOOKMARK [2][-]{subsection.6.10.2}{\376\377\0006\000.\0001\0000\000.\0002\000\040\000C\000o\000n\000s\000t\000r\000u\000c\000t\000o\000r\000\040\000\046\000\040\000D\000e\000s\000t\000r\000u\000c\000t\000o\000r\000\040\000D\000o\000c\000u\000m\000e\000n\000t\000a\000t\000i\000o\000n}{section.6.10}% 186
\BOOKMARK [3][-]{subsubsection.6.10.2.1}{\376\377\0006\000.\0001\0000\000.\0002\000.\0001\000\040\000M\000e\000m\000b\000r\000o\000I\000N\000E\000M\000B\000O\000\050\000\051\000\040\000[\0001\000/\0002\000]}{subsection.6.10.2}% 187
\BOOKMARK [3][-]{subsubsection.6.10.2.2}{\376\377\0006\000.\0001\0000\000.\0002\000.\0002\000\040\000M\000e\000m\000b\000r\000o\000I\000N\000E\000M\000B\000O\000\050\000\051\000\040\000[\0002\000/\0002\000]}{subsection.6.10.2}% 188
\BOOKMARK [3][-]{subsubsection.6.10.2.3}{\376\377\0006\000.\0001\0000\000.\0002\000.\0003\000\040\000~\000M\000e\000m\000b\000r\000o\000I\000N\000E\000M\000B\000O\000\050\000\051}{subsection.6.10.2}% 189
\BOOKMARK [2][-]{subsection.6.10.3}{\376\377\0006\000.\0001\0000\000.\0003\000\040\000F\000i\000e\000l\000d\000\040\000D\000o\000c\000u\000m\000e\000n\000t\000a\000t\000i\000o\000n}{section.6.10}% 190
\BOOKMARK [3][-]{subsubsection.6.10.3.1}{\376\377\0006\000.\0001\0000\000.\0003\000.\0001\000\040\000e\000s\000p\000e\000c\000i\000a\000l\000i\000d\000a\000d\000e}{subsection.6.10.3}% 191
\BOOKMARK [2][-]{subsection.6.10.4}{\376\377\0006\000.\0001\0000\000.\0004\000\040\000P\000r\000o\000p\000e\000r\000t\000y\000\040\000D\000o\000c\000u\000m\000e\000n\000t\000a\000t\000i\000o\000n}{section.6.10}% 192
\BOOKMARK [3][-]{subsubsection.6.10.4.1}{\376\377\0006\000.\0001\0000\000.\0004\000.\0001\000\040\000E\000s\000p\000e\000c\000i\000a\000l\000i\000d\000a\000d\000e}{subsection.6.10.4}% 193
\BOOKMARK [1][-]{section.6.11}{\376\377\0006\000.\0001\0001\000\040\000D\000a\000d\000o\000s\000.\000O\000c\000o\000r\000r\000e\000n\000c\000i\000a\000\040\000C\000l\000a\000s\000s\000\040\000R\000e\000f\000e\000r\000e\000n\000c\000e}{chapter.6}% 194
\BOOKMARK [2][-]{subsection.6.11.1}{\376\377\0006\000.\0001\0001\000.\0001\000\040\000D\000e\000t\000a\000i\000l\000e\000d\000\040\000D\000e\000s\000c\000r\000i\000p\000t\000i\000o\000n}{section.6.11}% 195
\BOOKMARK [2][-]{subsection.6.11.2}{\376\377\0006\000.\0001\0001\000.\0002\000\040\000C\000o\000n\000s\000t\000r\000u\000c\000t\000o\000r\000\040\000\046\000\040\000D\000e\000s\000t\000r\000u\000c\000t\000o\000r\000\040\000D\000o\000c\000u\000m\000e\000n\000t\000a\000t\000i\000o\000n}{section.6.11}% 196
\BOOKMARK [3][-]{subsubsection.6.11.2.1}{\376\377\0006\000.\0001\0001\000.\0002\000.\0001\000\040\000O\000c\000o\000r\000r\000e\000n\000c\000i\000a\000\050\000\051\000\040\000[\0001\000/\0003\000]}{subsection.6.11.2}% 197
\BOOKMARK [3][-]{subsubsection.6.11.2.2}{\376\377\0006\000.\0001\0001\000.\0002\000.\0002\000\040\000O\000c\000o\000r\000r\000e\000n\000c\000i\000a\000\050\000\051\000\040\000[\0002\000/\0003\000]}{subsection.6.11.2}% 198
\BOOKMARK [3][-]{subsubsection.6.11.2.3}{\376\377\0006\000.\0001\0001\000.\0002\000.\0003\000\040\000O\000c\000o\000r\000r\000e\000n\000c\000i\000a\000\050\000\051\000\040\000[\0003\000/\0003\000]}{subsection.6.11.2}% 199
\BOOKMARK [3][-]{subsubsection.6.11.2.4}{\376\377\0006\000.\0001\0001\000.\0002\000.\0004\000\040\000~\000O\000c\000o\000r\000r\000e\000n\000c\000i\000a\000\050\000\051}{subsection.6.11.2}% 200
\BOOKMARK [2][-]{subsection.6.11.3}{\376\377\0006\000.\0001\0001\000.\0003\000\040\000M\000e\000m\000b\000e\000r\000\040\000F\000u\000n\000c\000t\000i\000o\000n\000\040\000D\000o\000c\000u\000m\000e\000n\000t\000a\000t\000i\000o\000n}{section.6.11}% 201
\BOOKMARK [3][-]{subsubsection.6.11.3.1}{\376\377\0006\000.\0001\0001\000.\0003\000.\0001\000\040\000T\000o\000S\000t\000r\000i\000n\000g\000\050\000\051}{subsection.6.11.3}% 202
\BOOKMARK [2][-]{subsection.6.11.4}{\376\377\0006\000.\0001\0001\000.\0004\000\040\000F\000i\000e\000l\000d\000\040\000D\000o\000c\000u\000m\000e\000n\000t\000a\000t\000i\000o\000n}{section.6.11}% 203
\BOOKMARK [3][-]{subsubsection.6.11.4.1}{\376\377\0006\000.\0001\0001\000.\0004\000.\0001\000\040\000d\000a\000t\000a\000O\000c\000o\000r\000r\000e\000n\000c\000i\000a}{subsection.6.11.4}% 204
\BOOKMARK [3][-]{subsubsection.6.11.4.2}{\376\377\0006\000.\0001\0001\000.\0004\000.\0002\000\040\000d\000e\000s\000c\000r\000O\000c\000o\000r\000r}{subsection.6.11.4}% 205
\BOOKMARK [3][-]{subsubsection.6.11.4.3}{\376\377\0006\000.\0001\0001\000.\0004\000.\0003\000\040\000e\000n\000t\000i\000d\000a\000d\000e}{subsection.6.11.4}% 206
\BOOKMARK [3][-]{subsubsection.6.11.4.4}{\376\377\0006\000.\0001\0001\000.\0004\000.\0004\000\040\000e\000s\000t\000a\000d\000o}{subsection.6.11.4}% 207
\BOOKMARK [3][-]{subsubsection.6.11.4.5}{\376\377\0006\000.\0001\0001\000.\0004\000.\0005\000\040\000i\000d}{subsection.6.11.4}% 208
\BOOKMARK [3][-]{subsubsection.6.11.4.6}{\376\377\0006\000.\0001\0001\000.\0004\000.\0006\000\040\000i\000d\000C\000o\000u\000n\000t\000e\000r}{subsection.6.11.4}% 209
\BOOKMARK [3][-]{subsubsection.6.11.4.7}{\376\377\0006\000.\0001\0001\000.\0004\000.\0007\000\040\000l\000o\000c\000a\000l\000i\000z\000a\000c\000a\000o}{subsection.6.11.4}% 210
\BOOKMARK [2][-]{subsection.6.11.5}{\376\377\0006\000.\0001\0001\000.\0005\000\040\000P\000r\000o\000p\000e\000r\000t\000y\000\040\000D\000o\000c\000u\000m\000e\000n\000t\000a\000t\000i\000o\000n}{section.6.11}% 211
\BOOKMARK [3][-]{subsubsection.6.11.5.1}{\376\377\0006\000.\0001\0001\000.\0005\000.\0001\000\040\000D\000a\000t\000a\000O\000c\000o\000r\000r\000e\000n\000c\000i\000a}{subsection.6.11.5}% 212
\BOOKMARK [3][-]{subsubsection.6.11.5.2}{\376\377\0006\000.\0001\0001\000.\0005\000.\0002\000\040\000D\000e\000s\000c\000r\000O\000c\000o\000r\000r}{subsection.6.11.5}% 213
\BOOKMARK [3][-]{subsubsection.6.11.5.3}{\376\377\0006\000.\0001\0001\000.\0005\000.\0003\000\040\000E\000n\000t\000i\000d\000a\000d\000e}{subsection.6.11.5}% 214
\BOOKMARK [3][-]{subsubsection.6.11.5.4}{\376\377\0006\000.\0001\0001\000.\0005\000.\0004\000\040\000E\000s\000t\000a\000d\000o}{subsection.6.11.5}% 215
\BOOKMARK [3][-]{subsubsection.6.11.5.5}{\376\377\0006\000.\0001\0001\000.\0005\000.\0005\000\040\000I\000d}{subsection.6.11.5}% 216
\BOOKMARK [3][-]{subsubsection.6.11.5.6}{\376\377\0006\000.\0001\0001\000.\0005\000.\0006\000\040\000L\000o\000c\000a\000l\000i\000z\000a\000c\000a\000o}{subsection.6.11.5}% 217
\BOOKMARK [1][-]{section.6.12}{\376\377\0006\000.\0001\0002\000\040\000D\000a\000d\000o\000s\000.\000O\000c\000o\000r\000r\000e\000n\000c\000i\000a\000s\000\040\000C\000l\000a\000s\000s\000\040\000R\000e\000f\000e\000r\000e\000n\000c\000e}{chapter.6}% 218
\BOOKMARK [2][-]{subsection.6.12.1}{\376\377\0006\000.\0001\0002\000.\0001\000\040\000D\000e\000t\000a\000i\000l\000e\000d\000\040\000D\000e\000s\000c\000r\000i\000p\000t\000i\000o\000n}{section.6.12}% 219
\BOOKMARK [2][-]{subsection.6.12.2}{\376\377\0006\000.\0001\0002\000.\0002\000\040\000C\000o\000n\000s\000t\000r\000u\000c\000t\000o\000r\000\040\000\046\000\040\000D\000e\000s\000t\000r\000u\000c\000t\000o\000r\000\040\000D\000o\000c\000u\000m\000e\000n\000t\000a\000t\000i\000o\000n}{section.6.12}% 220
\BOOKMARK [3][-]{subsubsection.6.12.2.1}{\376\377\0006\000.\0001\0002\000.\0002\000.\0001\000\040\000O\000c\000o\000r\000r\000e\000n\000c\000i\000a\000s\000\050\000\051}{subsection.6.12.2}% 221
\BOOKMARK [3][-]{subsubsection.6.12.2.2}{\376\377\0006\000.\0001\0002\000.\0002\000.\0002\000\040\000~\000O\000c\000o\000r\000r\000e\000n\000c\000i\000a\000s\000\050\000\051}{subsection.6.12.2}% 222
\BOOKMARK [2][-]{subsection.6.12.3}{\376\377\0006\000.\0001\0002\000.\0003\000\040\000M\000e\000m\000b\000e\000r\000\040\000F\000u\000n\000c\000t\000i\000o\000n\000\040\000D\000o\000c\000u\000m\000e\000n\000t\000a\000t\000i\000o\000n}{section.6.12}% 223
\BOOKMARK [3][-]{subsubsection.6.12.3.1}{\376\377\0006\000.\0001\0002\000.\0003\000.\0001\000\040\000A\000d\000i\000c\000i\000o\000n\000a\000\050\000\051}{subsection.6.12.3}% 224
\BOOKMARK [3][-]{subsubsection.6.12.3.2}{\376\377\0006\000.\0001\0002\000.\0003\000.\0002\000\040\000E\000x\000i\000s\000t\000e\000\050\000\051}{subsection.6.12.3}% 225
\BOOKMARK [3][-]{subsubsection.6.12.3.3}{\376\377\0006\000.\0001\0002\000.\0003\000.\0003\000\040\000R\000e\000m\000o\000v\000e\000\050\000\051}{subsection.6.12.3}% 226
\BOOKMARK [3][-]{subsubsection.6.12.3.4}{\376\377\0006\000.\0001\0002\000.\0003\000.\0004\000\040\000T\000o\000S\000t\000r\000i\000n\000g\000\050\000\051}{subsection.6.12.3}% 227
\BOOKMARK [2][-]{subsection.6.12.4}{\376\377\0006\000.\0001\0002\000.\0004\000\040\000F\000i\000e\000l\000d\000\040\000D\000o\000c\000u\000m\000e\000n\000t\000a\000t\000i\000o\000n}{section.6.12}% 228
\BOOKMARK [3][-]{subsubsection.6.12.4.1}{\376\377\0006\000.\0001\0002\000.\0004\000.\0001\000\040\000o\000c\000o\000r\000r\000e\000n\000c\000i\000a\000s}{subsection.6.12.4}% 229
\BOOKMARK [1][-]{section.6.13}{\376\377\0006\000.\0001\0003\000\040\000D\000a\000d\000o\000s\000.\000P\000e\000s\000s\000o\000a\000\040\000C\000l\000a\000s\000s\000\040\000R\000e\000f\000e\000r\000e\000n\000c\000e}{chapter.6}% 230
\BOOKMARK [2][-]{subsection.6.13.1}{\376\377\0006\000.\0001\0003\000.\0001\000\040\000D\000e\000t\000a\000i\000l\000e\000d\000\040\000D\000e\000s\000c\000r\000i\000p\000t\000i\000o\000n}{section.6.13}% 231
\BOOKMARK [2][-]{subsection.6.13.2}{\376\377\0006\000.\0001\0003\000.\0002\000\040\000C\000o\000n\000s\000t\000r\000u\000c\000t\000o\000r\000\040\000\046\000\040\000D\000e\000s\000t\000r\000u\000c\000t\000o\000r\000\040\000D\000o\000c\000u\000m\000e\000n\000t\000a\000t\000i\000o\000n}{section.6.13}% 232
\BOOKMARK [3][-]{subsubsection.6.13.2.1}{\376\377\0006\000.\0001\0003\000.\0002\000.\0001\000\040\000P\000e\000s\000s\000o\000a\000\050\000\051\000\040\000[\0001\000/\0003\000]}{subsection.6.13.2}% 233
\BOOKMARK [3][-]{subsubsection.6.13.2.2}{\376\377\0006\000.\0001\0003\000.\0002\000.\0002\000\040\000P\000e\000s\000s\000o\000a\000\050\000\051\000\040\000[\0002\000/\0003\000]}{subsection.6.13.2}% 234
\BOOKMARK [3][-]{subsubsection.6.13.2.3}{\376\377\0006\000.\0001\0003\000.\0002\000.\0003\000\040\000P\000e\000s\000s\000o\000a\000\050\000\051\000\040\000[\0003\000/\0003\000]}{subsection.6.13.2}% 235
\BOOKMARK [3][-]{subsubsection.6.13.2.4}{\376\377\0006\000.\0001\0003\000.\0002\000.\0004\000\040\000~\000P\000e\000s\000s\000o\000a\000\050\000\051}{subsection.6.13.2}% 236
\BOOKMARK [2][-]{subsection.6.13.3}{\376\377\0006\000.\0001\0003\000.\0003\000\040\000M\000e\000m\000b\000e\000r\000\040\000F\000u\000n\000c\000t\000i\000o\000n\000\040\000D\000o\000c\000u\000m\000e\000n\000t\000a\000t\000i\000o\000n}{section.6.13}% 237
\BOOKMARK [3][-]{subsubsection.6.13.3.1}{\376\377\0006\000.\0001\0003\000.\0003\000.\0001\000\040\000T\000o\000S\000t\000r\000i\000n\000g\000\050\000\051}{subsection.6.13.3}% 238
\BOOKMARK [2][-]{subsection.6.13.4}{\376\377\0006\000.\0001\0003\000.\0004\000\040\000F\000i\000e\000l\000d\000\040\000D\000o\000c\000u\000m\000e\000n\000t\000a\000t\000i\000o\000n}{section.6.13}% 239
\BOOKMARK [3][-]{subsubsection.6.13.4.1}{\376\377\0006\000.\0001\0003\000.\0004\000.\0001\000\040\000c\000o\000n\000t\000a\000c\000t\000o}{subsection.6.13.4}% 240
\BOOKMARK [3][-]{subsubsection.6.13.4.2}{\376\377\0006\000.\0001\0003\000.\0004\000.\0002\000\040\000e\000m\000a\000i\000l}{subsection.6.13.4}% 241
\BOOKMARK [3][-]{subsubsection.6.13.4.3}{\376\377\0006\000.\0001\0003\000.\0004\000.\0003\000\040\000i\000d}{subsection.6.13.4}% 242
\BOOKMARK [3][-]{subsubsection.6.13.4.4}{\376\377\0006\000.\0001\0003\000.\0004\000.\0004\000\040\000i\000d\000C\000o\000u\000n\000t\000e\000r}{subsection.6.13.4}% 243
\BOOKMARK [3][-]{subsubsection.6.13.4.5}{\376\377\0006\000.\0001\0003\000.\0004\000.\0005\000\040\000n\000o\000m\000e}{subsection.6.13.4}% 244
\BOOKMARK [2][-]{subsection.6.13.5}{\376\377\0006\000.\0001\0003\000.\0005\000\040\000P\000r\000o\000p\000e\000r\000t\000y\000\040\000D\000o\000c\000u\000m\000e\000n\000t\000a\000t\000i\000o\000n}{section.6.13}% 245
\BOOKMARK [3][-]{subsubsection.6.13.5.1}{\376\377\0006\000.\0001\0003\000.\0005\000.\0001\000\040\000C\000o\000n\000t\000a\000c\000t\000o}{subsection.6.13.5}% 246
\BOOKMARK [3][-]{subsubsection.6.13.5.2}{\376\377\0006\000.\0001\0003\000.\0005\000.\0002\000\040\000E\000m\000a\000i\000l}{subsection.6.13.5}% 247
\BOOKMARK [3][-]{subsubsection.6.13.5.3}{\376\377\0006\000.\0001\0003\000.\0005\000.\0003\000\040\000I\000d}{subsection.6.13.5}% 248
\BOOKMARK [3][-]{subsubsection.6.13.5.4}{\376\377\0006\000.\0001\0003\000.\0005\000.\0004\000\040\000N\000o\000m\000e}{subsection.6.13.5}% 249
\BOOKMARK [1][-]{section.6.14}{\376\377\0006\000.\0001\0004\000\040\000B\000u\000s\000i\000n\000e\000s\000s\000O\000b\000j\000e\000c\000t\000s\000.\000P\000e\000s\000s\000o\000a\000B\000O\000\040\000C\000l\000a\000s\000s\000\040\000R\000e\000f\000e\000r\000e\000n\000c\000e}{chapter.6}% 250
\BOOKMARK [2][-]{subsection.6.14.1}{\376\377\0006\000.\0001\0004\000.\0001\000\040\000D\000e\000t\000a\000i\000l\000e\000d\000\040\000D\000e\000s\000c\000r\000i\000p\000t\000i\000o\000n}{section.6.14}% 251
\BOOKMARK [2][-]{subsection.6.14.2}{\376\377\0006\000.\0001\0004\000.\0002\000\040\000C\000o\000n\000s\000t\000r\000u\000c\000t\000o\000r\000\040\000\046\000\040\000D\000e\000s\000t\000r\000u\000c\000t\000o\000r\000\040\000D\000o\000c\000u\000m\000e\000n\000t\000a\000t\000i\000o\000n}{section.6.14}% 252
\BOOKMARK [3][-]{subsubsection.6.14.2.1}{\376\377\0006\000.\0001\0004\000.\0002\000.\0001\000\040\000P\000e\000s\000s\000o\000a\000B\000O\000\050\000\051\000\040\000[\0001\000/\0002\000]}{subsection.6.14.2}% 253
\BOOKMARK [3][-]{subsubsection.6.14.2.2}{\376\377\0006\000.\0001\0004\000.\0002\000.\0002\000\040\000P\000e\000s\000s\000o\000a\000B\000O\000\050\000\051\000\040\000[\0002\000/\0002\000]}{subsection.6.14.2}% 254
\BOOKMARK [3][-]{subsubsection.6.14.2.3}{\376\377\0006\000.\0001\0004\000.\0002\000.\0003\000\040\000~\000P\000e\000s\000s\000o\000a\000B\000O\000\050\000\051}{subsection.6.14.2}% 255
\BOOKMARK [2][-]{subsection.6.14.3}{\376\377\0006\000.\0001\0004\000.\0003\000\040\000F\000i\000e\000l\000d\000\040\000D\000o\000c\000u\000m\000e\000n\000t\000a\000t\000i\000o\000n}{section.6.14}% 256
\BOOKMARK [3][-]{subsubsection.6.14.3.1}{\376\377\0006\000.\0001\0004\000.\0003\000.\0001\000\040\000i\000d}{subsection.6.14.3}% 257
\BOOKMARK [3][-]{subsubsection.6.14.3.2}{\376\377\0006\000.\0001\0004\000.\0003\000.\0002\000\040\000n\000o\000m\000e}{subsection.6.14.3}% 258
\BOOKMARK [2][-]{subsection.6.14.4}{\376\377\0006\000.\0001\0004\000.\0004\000\040\000P\000r\000o\000p\000e\000r\000t\000y\000\040\000D\000o\000c\000u\000m\000e\000n\000t\000a\000t\000i\000o\000n}{section.6.14}% 259
\BOOKMARK [3][-]{subsubsection.6.14.4.1}{\376\377\0006\000.\0001\0004\000.\0004\000.\0001\000\040\000I\000d}{subsection.6.14.4}% 260
\BOOKMARK [3][-]{subsubsection.6.14.4.2}{\376\377\0006\000.\0001\0004\000.\0004\000.\0002\000\040\000N\000o\000m\000e}{subsection.6.14.4}% 261
\BOOKMARK [1][-]{section.6.15}{\376\377\0006\000.\0001\0005\000\040\000T\000e\000s\000t\000e\000s\000.\000T\000e\000s\000t\000e\000s\000\040\000C\000l\000a\000s\000s\000\040\000R\000e\000f\000e\000r\000e\000n\000c\000e}{chapter.6}% 262
\BOOKMARK [2][-]{subsection.6.15.1}{\376\377\0006\000.\0001\0005\000.\0001\000\040\000D\000e\000t\000a\000i\000l\000e\000d\000\040\000D\000e\000s\000c\000r\000i\000p\000t\000i\000o\000n}{section.6.15}% 263
\BOOKMARK [2][-]{subsection.6.15.2}{\376\377\0006\000.\0001\0005\000.\0002\000\040\000M\000e\000m\000b\000e\000r\000\040\000F\000u\000n\000c\000t\000i\000o\000n\000\040\000D\000o\000c\000u\000m\000e\000n\000t\000a\000t\000i\000o\000n}{section.6.15}% 264
\BOOKMARK [3][-]{subsubsection.6.15.2.1}{\376\377\0006\000.\0001\0005\000.\0002\000.\0001\000\040\000C\000o\000n\000s\000t\000r\000u\000c\000t\000o\000r\000\137\000P\000a\000r\000a\000m\000e\000t\000r\000o\000s\000I\000n\000v\000a\000l\000i\000d\000o\000s\000\137\000E\000s\000p\000e\000r\000a\000E\000x\000c\000e\000c\000a\000o\000C\000o\000n\000t\000a\000c\000t\000o\000I\000n\000v\000a\000l\000i\000d\000o\000\050\000\051}{subsection.6.15.2}% 265
\BOOKMARK [3][-]{subsubsection.6.15.2.2}{\376\377\0006\000.\0001\0005\000.\0002\000.\0002\000\040\000C\000o\000n\000s\000t\000r\000u\000c\000t\000o\000r\000\137\000P\000a\000r\000a\000m\000e\000t\000r\000o\000s\000V\000a\000l\000i\000d\000o\000s\000\137\000B\000o\000m\000b\000e\000i\000r\000o\000\050\000\051}{subsection.6.15.2}% 266
\BOOKMARK [1][-]{section.6.16}{\376\377\0006\000.\0001\0006\000\040\000V\000a\000l\000i\000d\000a\000c\000o\000e\000s\000.\000V\000a\000l\000i\000d\000a\000r\000\040\000C\000l\000a\000s\000s\000\040\000R\000e\000f\000e\000r\000e\000n\000c\000e}{chapter.6}% 267
\BOOKMARK [2][-]{subsection.6.16.1}{\376\377\0006\000.\0001\0006\000.\0001\000\040\000D\000e\000t\000a\000i\000l\000e\000d\000\040\000D\000e\000s\000c\000r\000i\000p\000t\000i\000o\000n}{section.6.16}% 268
\BOOKMARK [2][-]{subsection.6.16.2}{\376\377\0006\000.\0001\0006\000.\0002\000\040\000M\000e\000m\000b\000e\000r\000\040\000F\000u\000n\000c\000t\000i\000o\000n\000\040\000D\000o\000c\000u\000m\000e\000n\000t\000a\000t\000i\000o\000n}{section.6.16}% 269
\BOOKMARK [3][-]{subsubsection.6.16.2.1}{\376\377\0006\000.\0001\0006\000.\0002\000.\0001\000\040\000V\000e\000r\000i\000f\000i\000c\000a\000C\000o\000n\000t\000a\000c\000t\000o\000\050\000\051}{subsection.6.16.2}% 270
\BOOKMARK [3][-]{subsubsection.6.16.2.2}{\376\377\0006\000.\0001\0006\000.\0002\000.\0002\000\040\000V\000e\000r\000i\000f\000i\000c\000a\000E\000m\000a\000i\000l\000\050\000\051}{subsection.6.16.2}% 271
\BOOKMARK [1][-]{section.6.17}{\376\377\0006\000.\0001\0007\000\040\000E\000x\000c\000e\000p\000t\000i\000o\000n\000s\000.\000V\000a\000l\000i\000d\000a\000t\000i\000o\000n\000E\000x\000c\000e\000p\000t\000i\000o\000n\000\040\000C\000l\000a\000s\000s\000\040\000R\000e\000f\000e\000r\000e\000n\000c\000e}{chapter.6}% 272
\BOOKMARK [2][-]{subsection.6.17.1}{\376\377\0006\000.\0001\0007\000.\0001\000\040\000D\000e\000t\000a\000i\000l\000e\000d\000\040\000D\000e\000s\000c\000r\000i\000p\000t\000i\000o\000n}{section.6.17}% 273
\BOOKMARK [2][-]{subsection.6.17.2}{\376\377\0006\000.\0001\0007\000.\0002\000\040\000C\000o\000n\000s\000t\000r\000u\000c\000t\000o\000r\000\040\000\046\000\040\000D\000e\000s\000t\000r\000u\000c\000t\000o\000r\000\040\000D\000o\000c\000u\000m\000e\000n\000t\000a\000t\000i\000o\000n}{section.6.17}% 274
\BOOKMARK [3][-]{subsubsection.6.17.2.1}{\376\377\0006\000.\0001\0007\000.\0002\000.\0001\000\040\000V\000a\000l\000i\000d\000a\000t\000i\000o\000n\000E\000x\000c\000e\000p\000t\000i\000o\000n\000\050\000\051\000\040\000[\0001\000/\0002\000]}{subsection.6.17.2}% 275
\BOOKMARK [3][-]{subsubsection.6.17.2.2}{\376\377\0006\000.\0001\0007\000.\0002\000.\0002\000\040\000V\000a\000l\000i\000d\000a\000t\000i\000o\000n\000E\000x\000c\000e\000p\000t\000i\000o\000n\000\050\000\051\000\040\000[\0002\000/\0002\000]}{subsection.6.17.2}% 276
\BOOKMARK [2][-]{subsection.6.17.3}{\376\377\0006\000.\0001\0007\000.\0003\000\040\000P\000r\000o\000p\000e\000r\000t\000y\000\040\000D\000o\000c\000u\000m\000e\000n\000t\000a\000t\000i\000o\000n}{section.6.17}% 277
\BOOKMARK [3][-]{subsubsection.6.17.3.1}{\376\377\0006\000.\0001\0007\000.\0003\000.\0001\000\040\000e\000r\000r\000o}{subsection.6.17.3}% 278
\BOOKMARK [0][-]{chapter.7}{\376\377\0007\000\040\000F\000i\000l\000e\000\040\000D\000o\000c\000u\000m\000e\000n\000t\000a\000t\000i\000o\000n}{}% 279
\BOOKMARK [1][-]{section.7.1}{\376\377\0007\000.\0001\000\040\000B\000u\000s\000i\000n\000e\000s\000s\000O\000b\000j\000e\000c\000t\000s\000/\000B\000o\000m\000b\000e\000i\000r\000o\000B\000O\000.\000c\000s\000\040\000F\000i\000l\000e\000\040\000R\000e\000f\000e\000r\000e\000n\000c\000e}{chapter.7}% 280
\BOOKMARK [1][-]{section.7.2}{\376\377\0007\000.\0002\000\040\000B\000u\000s\000i\000n\000e\000s\000s\000O\000b\000j\000e\000c\000t\000s\000/\000M\000e\000m\000b\000r\000o\000I\000N\000E\000M\000B\000O\000.\000c\000s\000\040\000F\000i\000l\000e\000\040\000R\000e\000f\000e\000r\000e\000n\000c\000e}{chapter.7}% 281
\BOOKMARK [1][-]{section.7.3}{\376\377\0007\000.\0003\000\040\000B\000u\000s\000i\000n\000e\000s\000s\000O\000b\000j\000e\000c\000t\000s\000/\000o\000b\000j\000/\000D\000e\000b\000u\000g\000/\000.\000N\000E\000T\000F\000r\000a\000m\000e\000w\000o\000r\000k\000,\000V\000e\000r\000s\000i\000o\000n\000=\000v\0004\000.\0007\000.\0002\000.\000A\000s\000s\000e\000m\000b\000l\000y\000A\000t\000t\000r\000i\000b\000u\000t\000e\000s\000.\000c\000s\000\040\000F\000i\000l\000e\000\040\000R\000e\000f\000e\000r\000e\000n\000c\000e}{chapter.7}% 282
\BOOKMARK [1][-]{section.7.4}{\376\377\0007\000.\0004\000\040\000D\000a\000d\000o\000s\000/\000o\000b\000j\000/\000D\000e\000b\000u\000g\000/\000.\000N\000E\000T\000F\000r\000a\000m\000e\000w\000o\000r\000k\000,\000V\000e\000r\000s\000i\000o\000n\000=\000v\0004\000.\0007\000.\0002\000.\000A\000s\000s\000e\000m\000b\000l\000y\000A\000t\000t\000r\000i\000b\000u\000t\000e\000s\000.\000c\000s\000\040\000F\000i\000l\000e\000\040\000R\000e\000f\000e\000r\000e\000n\000c\000e}{chapter.7}% 283
\BOOKMARK [1][-]{section.7.5}{\376\377\0007\000.\0005\000\040\000E\000n\000u\000m\000s\000/\000o\000b\000j\000/\000D\000e\000b\000u\000g\000/\000.\000N\000E\000T\000F\000r\000a\000m\000e\000w\000o\000r\000k\000,\000V\000e\000r\000s\000i\000o\000n\000=\000v\0004\000.\0007\000.\0002\000.\000A\000s\000s\000e\000m\000b\000l\000y\000A\000t\000t\000r\000i\000b\000u\000t\000e\000s\000.\000c\000s\000\040\000F\000i\000l\000e\000\040\000R\000e\000f\000e\000r\000e\000n\000c\000e}{chapter.7}% 284
\BOOKMARK [1][-]{section.7.6}{\376\377\0007\000.\0006\000\040\000E\000x\000c\000e\000p\000t\000i\000o\000n\000s\000/\000o\000b\000j\000/\000D\000e\000b\000u\000g\000/\000.\000N\000E\000T\000F\000r\000a\000m\000e\000w\000o\000r\000k\000,\000V\000e\000r\000s\000i\000o\000n\000=\000v\0004\000.\0007\000.\0002\000.\000A\000s\000s\000e\000m\000b\000l\000y\000A\000t\000t\000r\000i\000b\000u\000t\000e\000s\000.\000c\000s\000\040\000F\000i\000l\000e\000\040\000R\000e\000f\000e\000r\000e\000n\000c\000e}{chapter.7}% 285
\BOOKMARK [1][-]{section.7.7}{\376\377\0007\000.\0007\000\040\000R\000e\000g\000r\000a\000s\000/\000o\000b\000j\000/\000D\000e\000b\000u\000g\000/\000.\000N\000E\000T\000F\000r\000a\000m\000e\000w\000o\000r\000k\000,\000V\000e\000r\000s\000i\000o\000n\000=\000v\0004\000.\0007\000.\0002\000.\000A\000s\000s\000e\000m\000b\000l\000y\000A\000t\000t\000r\000i\000b\000u\000t\000e\000s\000.\000c\000s\000\040\000F\000i\000l\000e\000\040\000R\000e\000f\000e\000r\000e\000n\000c\000e}{chapter.7}% 286
\BOOKMARK [1][-]{section.7.8}{\376\377\0007\000.\0008\000\040\000T\000r\000a\000b\000a\000l\000h\000o\000P\000O\000O\000\137\0002\0006\0000\0004\0002\000/\000o\000b\000j\000/\000D\000e\000b\000u\000g\000/\000.\000N\000E\000T\000F\000r\000a\000m\000e\000w\000o\000r\000k\000,\000V\000e\000r\000s\000i\000o\000n\000=\000v\0004\000.\0007\000.\0002\000.\000A\000s\000s\000e\000m\000b\000l\000y\000A\000t\000t\000r\000i\000b\000u\000t\000e\000s\000.\000c\000s\000\040\000F\000i\000l\000e\000\040\000R\000e\000f\000e\000r\000e\000n\000c\000e}{chapter.7}% 287
\BOOKMARK [1][-]{section.7.9}{\376\377\0007\000.\0009\000\040\000V\000a\000l\000i\000d\000a\000c\000o\000e\000s\000/\000o\000b\000j\000/\000D\000e\000b\000u\000g\000/\000.\000N\000E\000T\000F\000r\000a\000m\000e\000w\000o\000r\000k\000,\000V\000e\000r\000s\000i\000o\000n\000=\000v\0004\000.\0007\000.\0002\000.\000A\000s\000s\000e\000m\000b\000l\000y\000A\000t\000t\000r\000i\000b\000u\000t\000e\000s\000.\000c\000s\000\040\000F\000i\000l\000e\000\040\000R\000e\000f\000e\000r\000e\000n\000c\000e}{chapter.7}% 288
\BOOKMARK [1][-]{section.7.10}{\376\377\0007\000.\0001\0000\000\040\000B\000u\000s\000i\000n\000e\000s\000s\000O\000b\000j\000e\000c\000t\000s\000/\000P\000e\000s\000s\000o\000a\000B\000O\000.\000c\000s\000\040\000F\000i\000l\000e\000\040\000R\000e\000f\000e\000r\000e\000n\000c\000e}{chapter.7}% 289
\BOOKMARK [1][-]{section.7.11}{\376\377\0007\000.\0001\0001\000\040\000B\000u\000s\000i\000n\000e\000s\000s\000O\000b\000j\000e\000c\000t\000s\000/\000P\000r\000o\000p\000e\000r\000t\000i\000e\000s\000/\000A\000s\000s\000e\000m\000b\000l\000y\000I\000n\000f\000o\000.\000c\000s\000\040\000F\000i\000l\000e\000\040\000R\000e\000f\000e\000r\000e\000n\000c\000e}{chapter.7}% 290
\BOOKMARK [1][-]{section.7.12}{\376\377\0007\000.\0001\0002\000\040\000D\000a\000d\000o\000s\000/\000P\000r\000o\000p\000e\000r\000t\000i\000e\000s\000/\000A\000s\000s\000e\000m\000b\000l\000y\000I\000n\000f\000o\000.\000c\000s\000\040\000F\000i\000l\000e\000\040\000R\000e\000f\000e\000r\000e\000n\000c\000e}{chapter.7}% 291
\BOOKMARK [1][-]{section.7.13}{\376\377\0007\000.\0001\0003\000\040\000E\000n\000u\000m\000s\000/\000P\000r\000o\000p\000e\000r\000t\000i\000e\000s\000/\000A\000s\000s\000e\000m\000b\000l\000y\000I\000n\000f\000o\000.\000c\000s\000\040\000F\000i\000l\000e\000\040\000R\000e\000f\000e\000r\000e\000n\000c\000e}{chapter.7}% 292
\BOOKMARK [1][-]{section.7.14}{\376\377\0007\000.\0001\0004\000\040\000E\000x\000c\000e\000p\000t\000i\000o\000n\000s\000/\000P\000r\000o\000p\000e\000r\000t\000i\000e\000s\000/\000A\000s\000s\000e\000m\000b\000l\000y\000I\000n\000f\000o\000.\000c\000s\000\040\000F\000i\000l\000e\000\040\000R\000e\000f\000e\000r\000e\000n\000c\000e}{chapter.7}% 293
\BOOKMARK [1][-]{section.7.15}{\376\377\0007\000.\0001\0005\000\040\000R\000e\000g\000r\000a\000s\000/\000P\000r\000o\000p\000e\000r\000t\000i\000e\000s\000/\000A\000s\000s\000e\000m\000b\000l\000y\000I\000n\000f\000o\000.\000c\000s\000\040\000F\000i\000l\000e\000\040\000R\000e\000f\000e\000r\000e\000n\000c\000e}{chapter.7}% 294
\BOOKMARK [1][-]{section.7.16}{\376\377\0007\000.\0001\0006\000\040\000T\000r\000a\000b\000a\000l\000h\000o\000P\000O\000O\000\137\0002\0006\0000\0004\0002\000/\000P\000r\000o\000p\000e\000r\000t\000i\000e\000s\000/\000A\000s\000s\000e\000m\000b\000l\000y\000I\000n\000f\000o\000.\000c\000s\000\040\000F\000i\000l\000e\000\040\000R\000e\000f\000e\000r\000e\000n\000c\000e}{chapter.7}% 295
\BOOKMARK [1][-]{section.7.17}{\376\377\0007\000.\0001\0007\000\040\000V\000a\000l\000i\000d\000a\000c\000o\000e\000s\000/\000P\000r\000o\000p\000e\000r\000t\000i\000e\000s\000/\000A\000s\000s\000e\000m\000b\000l\000y\000I\000n\000f\000o\000.\000c\000s\000\040\000F\000i\000l\000e\000\040\000R\000e\000f\000e\000r\000e\000n\000c\000e}{chapter.7}% 296
\BOOKMARK [1][-]{section.7.18}{\376\377\0007\000.\0001\0008\000\040\000D\000a\000d\000o\000s\000/\000B\000o\000m\000b\000e\000i\000r\000o\000.\000c\000s\000\040\000F\000i\000l\000e\000\040\000R\000e\000f\000e\000r\000e\000n\000c\000e}{chapter.7}% 297
\BOOKMARK [1][-]{section.7.19}{\376\377\0007\000.\0001\0009\000\040\000D\000a\000d\000o\000s\000/\000E\000q\000u\000i\000p\000a\000B\000o\000m\000b\000e\000i\000r\000o\000s\000.\000c\000s\000\040\000F\000i\000l\000e\000\040\000R\000e\000f\000e\000r\000e\000n\000c\000e}{chapter.7}% 298
\BOOKMARK [1][-]{section.7.20}{\376\377\0007\000.\0002\0000\000\040\000D\000a\000d\000o\000s\000/\000E\000q\000u\000i\000p\000a\000I\000N\000E\000M\000.\000c\000s\000\040\000F\000i\000l\000e\000\040\000R\000e\000f\000e\000r\000e\000n\000c\000e}{chapter.7}% 299
\BOOKMARK [1][-]{section.7.21}{\376\377\0007\000.\0002\0001\000\040\000D\000a\000d\000o\000s\000/\000E\000q\000u\000i\000p\000a\000m\000e\000n\000t\000o\000.\000c\000s\000\040\000F\000i\000l\000e\000\040\000R\000e\000f\000e\000r\000e\000n\000c\000e}{chapter.7}% 300
\BOOKMARK [1][-]{section.7.22}{\376\377\0007\000.\0002\0002\000\040\000D\000a\000d\000o\000s\000/\000E\000q\000u\000i\000p\000a\000m\000e\000n\000t\000o\000s\000.\000c\000s\000\040\000F\000i\000l\000e\000\040\000R\000e\000f\000e\000r\000e\000n\000c\000e}{chapter.7}% 301
\BOOKMARK [1][-]{section.7.23}{\376\377\0007\000.\0002\0003\000\040\000D\000a\000d\000o\000s\000/\000I\000M\000e\000t\000o\000d\000o\000s\000.\000c\000s\000\040\000F\000i\000l\000e\000\040\000R\000e\000f\000e\000r\000e\000n\000c\000e}{chapter.7}% 302
\BOOKMARK [1][-]{section.7.24}{\376\377\0007\000.\0002\0004\000\040\000D\000a\000d\000o\000s\000/\000I\000n\000s\000t\000i\000t\000u\000i\000c\000a\000o\000.\000c\000s\000\040\000F\000i\000l\000e\000\040\000R\000e\000f\000e\000r\000e\000n\000c\000e}{chapter.7}% 303
\BOOKMARK [1][-]{section.7.25}{\376\377\0007\000.\0002\0005\000\040\000D\000a\000d\000o\000s\000/\000M\000e\000m\000b\000r\000o\000I\000N\000E\000M\000.\000c\000s\000\040\000F\000i\000l\000e\000\040\000R\000e\000f\000e\000r\000e\000n\000c\000e}{chapter.7}% 304
\BOOKMARK [1][-]{section.7.26}{\376\377\0007\000.\0002\0006\000\040\000D\000a\000d\000o\000s\000/\000O\000c\000o\000r\000r\000e\000n\000c\000i\000a\000.\000c\000s\000\040\000F\000i\000l\000e\000\040\000R\000e\000f\000e\000r\000e\000n\000c\000e}{chapter.7}% 305
\BOOKMARK [1][-]{section.7.27}{\376\377\0007\000.\0002\0007\000\040\000D\000a\000d\000o\000s\000/\000O\000c\000o\000r\000r\000e\000n\000c\000i\000a\000s\000.\000c\000s\000\040\000F\000i\000l\000e\000\040\000R\000e\000f\000e\000r\000e\000n\000c\000e}{chapter.7}% 306
\BOOKMARK [1][-]{section.7.28}{\376\377\0007\000.\0002\0008\000\040\000D\000a\000d\000o\000s\000/\000P\000e\000s\000s\000o\000a\000.\000c\000s\000\040\000F\000i\000l\000e\000\040\000R\000e\000f\000e\000r\000e\000n\000c\000e}{chapter.7}% 307
\BOOKMARK [1][-]{section.7.29}{\376\377\0007\000.\0002\0009\000\040\000E\000n\000u\000m\000s\000/\000E\000n\000u\000m\000e\000r\000a\000d\000o\000s\000.\000c\000s\000\040\000F\000i\000l\000e\000\040\000R\000e\000f\000e\000r\000e\000n\000c\000e}{chapter.7}% 308
\BOOKMARK [1][-]{section.7.30}{\376\377\0007\000.\0003\0000\000\040\000E\000x\000c\000e\000p\000t\000i\000o\000n\000s\000/\000V\000a\000l\000i\000d\000a\000t\000i\000o\000n\000E\000x\000c\000e\000p\000t\000i\000o\000n\000.\000c\000s\000\040\000F\000i\000l\000e\000\040\000R\000e\000f\000e\000r\000e\000n\000c\000e}{chapter.7}% 309
\BOOKMARK [1][-]{section.7.31}{\376\377\0007\000.\0003\0001\000\040\000R\000e\000g\000r\000a\000s\000/\000G\000e\000r\000e\000I\000n\000s\000t\000i\000t\000u\000i\000c\000a\000o\000.\000c\000s\000\040\000F\000i\000l\000e\000\040\000R\000e\000f\000e\000r\000e\000n\000c\000e}{chapter.7}% 310
\BOOKMARK [1][-]{section.7.32}{\376\377\0007\000.\0003\0002\000\040\000T\000e\000s\000t\000e\000s\000/\000M\000S\000T\000e\000s\000t\000S\000e\000t\000t\000i\000n\000g\000s\000.\000c\000s\000\040\000F\000i\000l\000e\000\040\000R\000e\000f\000e\000r\000e\000n\000c\000e}{chapter.7}% 311
\BOOKMARK [1][-]{section.7.33}{\376\377\0007\000.\0003\0003\000\040\000T\000e\000s\000t\000e\000s\000/\000o\000b\000j\000/\000D\000e\000b\000u\000g\000/\000n\000e\000t\0008\000.\0000\000/\000.\000N\000E\000T\000C\000o\000r\000e\000A\000p\000p\000,\000V\000e\000r\000s\000i\000o\000n\000=\000v\0008\000.\0000\000.\000A\000s\000s\000e\000m\000b\000l\000y\000A\000t\000t\000r\000i\000b\000u\000t\000e\000s\000.\000c\000s\000\040\000F\000i\000l\000e\000\040\000R\000e\000f\000e\000r\000e\000n\000c\000e}{chapter.7}% 312
\BOOKMARK [1][-]{section.7.34}{\376\377\0007\000.\0003\0004\000\040\000T\000e\000s\000t\000e\000s\000/\000o\000b\000j\000/\000D\000e\000b\000u\000g\000/\000n\000e\000t\0008\000.\0000\000/\000T\000e\000s\000t\000e\000s\000.\000A\000s\000s\000e\000m\000b\000l\000y\000I\000n\000f\000o\000.\000c\000s\000\040\000F\000i\000l\000e\000\040\000R\000e\000f\000e\000r\000e\000n\000c\000e}{chapter.7}% 313
\BOOKMARK [1][-]{section.7.35}{\376\377\0007\000.\0003\0005\000\040\000T\000e\000s\000t\000e\000s\000/\000o\000b\000j\000/\000D\000e\000b\000u\000g\000/\000n\000e\000t\0008\000.\0000\000/\000T\000e\000s\000t\000e\000s\000.\000G\000l\000o\000b\000a\000l\000U\000s\000i\000n\000g\000s\000.\000g\000.\000c\000s\000\040\000F\000i\000l\000e\000\040\000R\000e\000f\000e\000r\000e\000n\000c\000e}{chapter.7}% 314
\BOOKMARK [1][-]{section.7.36}{\376\377\0007\000.\0003\0006\000\040\000T\000e\000s\000t\000e\000s\000/\000T\000e\000s\000t\000e\000s\000.\000c\000s\000\040\000F\000i\000l\000e\000\040\000R\000e\000f\000e\000r\000e\000n\000c\000e}{chapter.7}% 315
\BOOKMARK [1][-]{section.7.37}{\376\377\0007\000.\0003\0007\000\040\000T\000r\000a\000b\000a\000l\000h\000o\000P\000O\000O\000\137\0002\0006\0000\0004\0002\000/\000P\000r\000o\000g\000r\000a\000m\000.\000c\000s\000\040\000F\000i\000l\000e\000\040\000R\000e\000f\000e\000r\000e\000n\000c\000e}{chapter.7}% 316
\BOOKMARK [1][-]{section.7.38}{\376\377\0007\000.\0003\0008\000\040\000V\000a\000l\000i\000d\000a\000c\000o\000e\000s\000/\000V\000a\000l\000i\000d\000a\000c\000o\000e\000s\000.\000c\000s\000\040\000F\000i\000l\000e\000\040\000R\000e\000f\000e\000r\000e\000n\000c\000e}{chapter.7}% 317
\BOOKMARK [0][-]{section*.110}{\376\377\000I\000n\000d\000e\000x}{}% 318
